{"timestamp": "2026-01-02T11:58:57.355478Z", "level": "ERROR", "logger": "app.bandix_api", "message": "Exception on /api/config/collector [GET]", "module": "app", "function": "log_exception", "line": 875, "exception": "Traceback (most recent call last):\n  File \"C:\\Users\\lenovo\\PycharmProjects\\PythonProject_openwrt_main\\app\\api\\config_api.py\", line 629, in get_collector_config\n    _, _, collector_config, _, _, _ = load_config_file(config_file)\nValueError: too many values to unpack (expected 6)\n\nDuring handling of the above exception, another exception occurred:\n\nTraceback (most recent call last):\n  File \"D:\\Python\\Python310\\lib\\site-packages\\flask\\app.py\", line 1511, in wsgi_app\n    response = self.full_dispatch_request()\n  File \"D:\\Python\\Python310\\lib\\site-packages\\flask\\app.py\", line 919, in full_dispatch_request\n    rv = self.handle_user_exception(e)\n  File \"D:\\Python\\Python310\\lib\\site-packages\\flask\\app.py\", line 917, in full_dispatch_request\n    rv = self.dispatch_request()\n  File \"D:\\Python\\Python310\\lib\\site-packages\\flask\\app.py\", line 902, in dispatch_request\n    return self.ensure_sync(self.view_functions[rule.endpoint])(**view_args)  # type: ignore[no-any-return]\n  File \"C:\\Users\\lenovo\\PycharmProjects\\PythonProject_openwrt_main\\app\\api\\user_api.py\", line 32, in decorated_function\n    return f(*args, **kwargs)\n  File \"C:\\Users\\lenovo\\PycharmProjects\\PythonProject_openwrt_main\\app\\api\\config_api.py\", line 649, in get_collector_config\n    traceback.print_exc()\n  File \"D:\\Python\\Python310\\lib\\traceback.py\", line 179, in print_exc\n    print_exception(*sys.exc_info(), limit=limit, file=file, chain=chain)\n  File \"D:\\Python\\Python310\\lib\\traceback.py\", line 121, in print_exception\n    print(line, file=file, end=\"\")\nOSError: [Errno 22] Invalid argument"}
{"timestamp": "2026-01-02T11:59:39.758108Z", "level": "ERROR", "logger": "app.bandix_api", "message": "Exception on /api/config/collector [GET]", "module": "app", "function": "log_exception", "line": 875, "exception": "Traceback (most recent call last):\n  File \"C:\\Users\\lenovo\\PycharmProjects\\PythonProject_openwrt_main\\app\\api\\config_api.py\", line 629, in get_collector_config\n    _, _, collector_config, _, _, _ = load_config_file(config_file)\nValueError: too many values to unpack (expected 6)\n\nDuring handling of the above exception, another exception occurred:\n\nTraceback (most recent call last):\n  File \"D:\\Python\\Python310\\lib\\site-packages\\flask\\app.py\", line 1511, in wsgi_app\n    response = self.full_dispatch_request()\n  File \"D:\\Python\\Python310\\lib\\site-packages\\flask\\app.py\", line 919, in full_dispatch_request\n    rv = self.handle_user_exception(e)\n  File \"D:\\Python\\Python310\\lib\\site-packages\\flask\\app.py\", line 917, in full_dispatch_request\n    rv = self.dispatch_request()\n  File \"D:\\Python\\Python310\\lib\\site-packages\\flask\\app.py\", line 902, in dispatch_request\n    return self.ensure_sync(self.view_functions[rule.endpoint])(**view_args)  # type: ignore[no-any-return]\n  File \"C:\\Users\\lenovo\\PycharmProjects\\PythonProject_openwrt_main\\app\\api\\user_api.py\", line 32, in decorated_function\n    return f(*args, **kwargs)\n  File \"C:\\Users\\lenovo\\PycharmProjects\\PythonProject_openwrt_main\\app\\api\\config_api.py\", line 649, in get_collector_config\n    traceback.print_exc()\n  File \"D:\\Python\\Python310\\lib\\traceback.py\", line 179, in print_exc\n    print_exception(*sys.exc_info(), limit=limit, file=file, chain=chain)\n  File \"D:\\Python\\Python310\\lib\\traceback.py\", line 121, in print_exception\n    print(line, file=file, end=\"\")\nOSError: [Errno 22] Invalid argument"}
{"timestamp": "2026-01-02T12:07:23.815089Z", "level": "ERROR", "logger": "app.bandix_api", "message": "Exception on /api/config/collector [GET]", "module": "app", "function": "log_exception", "line": 875, "exception": "Traceback (most recent call last):\n  File \"C:\\Users\\lenovo\\PycharmProjects\\PythonProject_openwrt_main\\app\\api\\config_api.py\", line 629, in get_collector_config\n    _, _, collector_config, _, _, _ = load_config_file(config_file)\nValueError: too many values to unpack (expected 6)\n\nDuring handling of the above exception, another exception occurred:\n\nTraceback (most recent call last):\n  File \"D:\\Python\\Python310\\lib\\site-packages\\flask\\app.py\", line 1511, in wsgi_app\n    response = self.full_dispatch_request()\n  File \"D:\\Python\\Python310\\lib\\site-packages\\flask\\app.py\", line 919, in full_dispatch_request\n    rv = self.handle_user_exception(e)\n  File \"D:\\Python\\Python310\\lib\\site-packages\\flask\\app.py\", line 917, in full_dispatch_request\n    rv = self.dispatch_request()\n  File \"D:\\Python\\Python310\\lib\\site-packages\\flask\\app.py\", line 902, in dispatch_request\n    return self.ensure_sync(self.view_functions[rule.endpoint])(**view_args)  # type: ignore[no-any-return]\n  File \"C:\\Users\\lenovo\\PycharmProjects\\PythonProject_openwrt_main\\app\\api\\user_api.py\", line 32, in decorated_function\n    return f(*args, **kwargs)\n  File \"C:\\Users\\lenovo\\PycharmProjects\\PythonProject_openwrt_main\\app\\api\\config_api.py\", line 649, in get_collector_config\n    traceback.print_exc()\n  File \"D:\\Python\\Python310\\lib\\traceback.py\", line 179, in print_exc\n    print_exception(*sys.exc_info(), limit=limit, file=file, chain=chain)\n  File \"D:\\Python\\Python310\\lib\\traceback.py\", line 121, in print_exception\n    print(line, file=file, end=\"\")\nOSError: [Errno 22] Invalid argument"}
{"timestamp": "2026-01-02T12:08:01.365648Z", "level": "ERROR", "logger": "app.bandix_api", "message": "Exception on /api/config/collector [GET]", "module": "app", "function": "log_exception", "line": 875, "exception": "Traceback (most recent call last):\n  File \"C:\\Users\\lenovo\\PycharmProjects\\PythonProject_openwrt_main\\app\\api\\config_api.py\", line 629, in get_collector_config\n    _, _, collector_config, _, _, _ = load_config_file(config_file)\nValueError: too many values to unpack (expected 6)\n\nDuring handling of the above exception, another exception occurred:\n\nTraceback (most recent call last):\n  File \"D:\\Python\\Python310\\lib\\site-packages\\flask\\app.py\", line 1511, in wsgi_app\n    response = self.full_dispatch_request()\n  File \"D:\\Python\\Python310\\lib\\site-packages\\flask\\app.py\", line 919, in full_dispatch_request\n    rv = self.handle_user_exception(e)\n  File \"D:\\Python\\Python310\\lib\\site-packages\\flask\\app.py\", line 917, in full_dispatch_request\n    rv = self.dispatch_request()\n  File \"D:\\Python\\Python310\\lib\\site-packages\\flask\\app.py\", line 902, in dispatch_request\n    return self.ensure_sync(self.view_functions[rule.endpoint])(**view_args)  # type: ignore[no-any-return]\n  File \"C:\\Users\\lenovo\\PycharmProjects\\PythonProject_openwrt_main\\app\\api\\user_api.py\", line 32, in decorated_function\n    return f(*args, **kwargs)\n  File \"C:\\Users\\lenovo\\PycharmProjects\\PythonProject_openwrt_main\\app\\api\\config_api.py\", line 649, in get_collector_config\n    traceback.print_exc()\n  File \"D:\\Python\\Python310\\lib\\traceback.py\", line 179, in print_exc\n    print_exception(*sys.exc_info(), limit=limit, file=file, chain=chain)\n  File \"D:\\Python\\Python310\\lib\\traceback.py\", line 121, in print_exception\n    print(line, file=file, end=\"\")\nOSError: [Errno 22] Invalid argument"}
{"timestamp": "2026-01-02T12:08:16.587601Z", "level": "ERROR", "logger": "app.bandix_api", "message": "Exception on /api/config/collector [GET]", "module": "app", "function": "log_exception", "line": 875, "exception": "Traceback (most recent call last):\n  File \"C:\\Users\\lenovo\\PycharmProjects\\PythonProject_openwrt_main\\app\\api\\config_api.py\", line 629, in get_collector_config\n    _, _, collector_config, _, _, _ = load_config_file(config_file)\nValueError: too many values to unpack (expected 6)\n\nDuring handling of the above exception, another exception occurred:\n\nTraceback (most recent call last):\n  File \"D:\\Python\\Python310\\lib\\site-packages\\flask\\app.py\", line 1511, in wsgi_app\n    response = self.full_dispatch_request()\n  File \"D:\\Python\\Python310\\lib\\site-packages\\flask\\app.py\", line 919, in full_dispatch_request\n    rv = self.handle_user_exception(e)\n  File \"D:\\Python\\Python310\\lib\\site-packages\\flask\\app.py\", line 917, in full_dispatch_request\n    rv = self.dispatch_request()\n  File \"D:\\Python\\Python310\\lib\\site-packages\\flask\\app.py\", line 902, in dispatch_request\n    return self.ensure_sync(self.view_functions[rule.endpoint])(**view_args)  # type: ignore[no-any-return]\n  File \"C:\\Users\\lenovo\\PycharmProjects\\PythonProject_openwrt_main\\app\\api\\user_api.py\", line 32, in decorated_function\n    return f(*args, **kwargs)\n  File \"C:\\Users\\lenovo\\PycharmProjects\\PythonProject_openwrt_main\\app\\api\\config_api.py\", line 649, in get_collector_config\n    traceback.print_exc()\n  File \"D:\\Python\\Python310\\lib\\traceback.py\", line 179, in print_exc\n    print_exception(*sys.exc_info(), limit=limit, file=file, chain=chain)\n  File \"D:\\Python\\Python310\\lib\\traceback.py\", line 121, in print_exception\n    print(line, file=file, end=\"\")\nOSError: [Errno 22] Invalid argument"}
{"timestamp": "2026-01-02T12:11:44.122341Z", "level": "ERROR", "logger": "app.bandix_api", "message": "Exception on /api/config/collector [GET]", "module": "app", "function": "log_exception", "line": 875, "exception": "Traceback (most recent call last):\n  File \"C:\\Users\\lenovo\\PycharmProjects\\PythonProject_openwrt_main\\app\\api\\config_api.py\", line 629, in get_collector_config\n    _, _, collector_config, _, _, _ = load_config_file(config_file)\nValueError: too many values to unpack (expected 6)\n\nDuring handling of the above exception, another exception occurred:\n\nTraceback (most recent call last):\n  File \"D:\\Python\\Python310\\lib\\site-packages\\flask\\app.py\", line 1511, in wsgi_app\n    response = self.full_dispatch_request()\n  File \"D:\\Python\\Python310\\lib\\site-packages\\flask\\app.py\", line 919, in full_dispatch_request\n    rv = self.handle_user_exception(e)\n  File \"D:\\Python\\Python310\\lib\\site-packages\\flask\\app.py\", line 917, in full_dispatch_request\n    rv = self.dispatch_request()\n  File \"D:\\Python\\Python310\\lib\\site-packages\\flask\\app.py\", line 902, in dispatch_request\n    return self.ensure_sync(self.view_functions[rule.endpoint])(**view_args)  # type: ignore[no-any-return]\n  File \"C:\\Users\\lenovo\\PycharmProjects\\PythonProject_openwrt_main\\app\\api\\user_api.py\", line 32, in decorated_function\n    return f(*args, **kwargs)\n  File \"C:\\Users\\lenovo\\PycharmProjects\\PythonProject_openwrt_main\\app\\api\\config_api.py\", line 649, in get_collector_config\n    traceback.print_exc()\n  File \"D:\\Python\\Python310\\lib\\traceback.py\", line 179, in print_exc\n    print_exception(*sys.exc_info(), limit=limit, file=file, chain=chain)\n  File \"D:\\Python\\Python310\\lib\\traceback.py\", line 121, in print_exception\n    print(line, file=file, end=\"\")\nOSError: [Errno 22] Invalid argument"}
{"timestamp": "2026-01-02T12:12:05.452124Z", "level": "ERROR", "logger": "app.bandix_api", "message": "Exception on /api/config/collector [GET]", "module": "app", "function": "log_exception", "line": 875, "exception": "Traceback (most recent call last):\n  File \"C:\\Users\\lenovo\\PycharmProjects\\PythonProject_openwrt_main\\app\\api\\config_api.py\", line 629, in get_collector_config\n    _, _, collector_config, _, _, _ = load_config_file(config_file)\nValueError: too many values to unpack (expected 6)\n\nDuring handling of the above exception, another exception occurred:\n\nTraceback (most recent call last):\n  File \"D:\\Python\\Python310\\lib\\site-packages\\flask\\app.py\", line 1511, in wsgi_app\n    response = self.full_dispatch_request()\n  File \"D:\\Python\\Python310\\lib\\site-packages\\flask\\app.py\", line 919, in full_dispatch_request\n    rv = self.handle_user_exception(e)\n  File \"D:\\Python\\Python310\\lib\\site-packages\\flask\\app.py\", line 917, in full_dispatch_request\n    rv = self.dispatch_request()\n  File \"D:\\Python\\Python310\\lib\\site-packages\\flask\\app.py\", line 902, in dispatch_request\n    return self.ensure_sync(self.view_functions[rule.endpoint])(**view_args)  # type: ignore[no-any-return]\n  File \"C:\\Users\\lenovo\\PycharmProjects\\PythonProject_openwrt_main\\app\\api\\user_api.py\", line 32, in decorated_function\n    return f(*args, **kwargs)\n  File \"C:\\Users\\lenovo\\PycharmProjects\\PythonProject_openwrt_main\\app\\api\\config_api.py\", line 649, in get_collector_config\n    traceback.print_exc()\n  File \"D:\\Python\\Python310\\lib\\traceback.py\", line 179, in print_exc\n    print_exception(*sys.exc_info(), limit=limit, file=file, chain=chain)\n  File \"D:\\Python\\Python310\\lib\\traceback.py\", line 121, in print_exception\n    print(line, file=file, end=\"\")\nOSError: [Errno 22] Invalid argument"}
{"timestamp": "2026-01-02T12:13:10.086826Z", "level": "ERROR", "logger": "app.bandix_api", "message": "Exception on /api/config/collector [GET]", "module": "app", "function": "log_exception", "line": 875, "exception": "Traceback (most recent call last):\n  File \"C:\\Users\\lenovo\\PycharmProjects\\PythonProject_openwrt_main\\app\\api\\config_api.py\", line 629, in get_collector_config\n    _, _, collector_config, _, _, _ = load_config_file(config_file)\nValueError: too many values to unpack (expected 6)\n\nDuring handling of the above exception, another exception occurred:\n\nTraceback (most recent call last):\n  File \"D:\\Python\\Python310\\lib\\site-packages\\flask\\app.py\", line 1511, in wsgi_app\n    response = self.full_dispatch_request()\n  File \"D:\\Python\\Python310\\lib\\site-packages\\flask\\app.py\", line 919, in full_dispatch_request\n    rv = self.handle_user_exception(e)\n  File \"D:\\Python\\Python310\\lib\\site-packages\\flask\\app.py\", line 917, in full_dispatch_request\n    rv = self.dispatch_request()\n  File \"D:\\Python\\Python310\\lib\\site-packages\\flask\\app.py\", line 902, in dispatch_request\n    return self.ensure_sync(self.view_functions[rule.endpoint])(**view_args)  # type: ignore[no-any-return]\n  File \"C:\\Users\\lenovo\\PycharmProjects\\PythonProject_openwrt_main\\app\\api\\user_api.py\", line 32, in decorated_function\n    return f(*args, **kwargs)\n  File \"C:\\Users\\lenovo\\PycharmProjects\\PythonProject_openwrt_main\\app\\api\\config_api.py\", line 649, in get_collector_config\n    traceback.print_exc()\n  File \"D:\\Python\\Python310\\lib\\traceback.py\", line 179, in print_exc\n    print_exception(*sys.exc_info(), limit=limit, file=file, chain=chain)\n  File \"D:\\Python\\Python310\\lib\\traceback.py\", line 121, in print_exception\n    print(line, file=file, end=\"\")\nOSError: [Errno 22] Invalid argument"}
{"timestamp": "2026-01-02T12:13:15.093080Z", "level": "ERROR", "logger": "app.bandix_api", "message": "Exception on /api/config/collector [GET]", "module": "app", "function": "log_exception", "line": 875, "exception": "Traceback (most recent call last):\n  File \"C:\\Users\\lenovo\\PycharmProjects\\PythonProject_openwrt_main\\app\\api\\config_api.py\", line 629, in get_collector_config\n    _, _, collector_config, _, _, _ = load_config_file(config_file)\nValueError: too many values to unpack (expected 6)\n\nDuring handling of the above exception, another exception occurred:\n\nTraceback (most recent call last):\n  File \"D:\\Python\\Python310\\lib\\site-packages\\flask\\app.py\", line 1511, in wsgi_app\n    response = self.full_dispatch_request()\n  File \"D:\\Python\\Python310\\lib\\site-packages\\flask\\app.py\", line 919, in full_dispatch_request\n    rv = self.handle_user_exception(e)\n  File \"D:\\Python\\Python310\\lib\\site-packages\\flask\\app.py\", line 917, in full_dispatch_request\n    rv = self.dispatch_request()\n  File \"D:\\Python\\Python310\\lib\\site-packages\\flask\\app.py\", line 902, in dispatch_request\n    return self.ensure_sync(self.view_functions[rule.endpoint])(**view_args)  # type: ignore[no-any-return]\n  File \"C:\\Users\\lenovo\\PycharmProjects\\PythonProject_openwrt_main\\app\\api\\user_api.py\", line 32, in decorated_function\n    return f(*args, **kwargs)\n  File \"C:\\Users\\lenovo\\PycharmProjects\\PythonProject_openwrt_main\\app\\api\\config_api.py\", line 649, in get_collector_config\n    traceback.print_exc()\n  File \"D:\\Python\\Python310\\lib\\traceback.py\", line 179, in print_exc\n    print_exception(*sys.exc_info(), limit=limit, file=file, chain=chain)\n  File \"D:\\Python\\Python310\\lib\\traceback.py\", line 121, in print_exception\n    print(line, file=file, end=\"\")\nOSError: [Errno 22] Invalid argument"}
{"timestamp": "2026-01-02T12:18:24.165254Z", "level": "ERROR", "logger": "app.bandix_api", "message": "Exception on /api/config/collector [GET]", "module": "app", "function": "log_exception", "line": 875, "exception": "Traceback (most recent call last):\n  File \"C:\\Users\\lenovo\\PycharmProjects\\PythonProject_openwrt_main\\app\\api\\config_api.py\", line 629, in get_collector_config\n    _, _, collector_config, _, _, _ = load_config_file(config_file)\nValueError: too many values to unpack (expected 6)\n\nDuring handling of the above exception, another exception occurred:\n\nTraceback (most recent call last):\n  File \"D:\\Python\\Python310\\lib\\site-packages\\flask\\app.py\", line 1511, in wsgi_app\n    response = self.full_dispatch_request()\n  File \"D:\\Python\\Python310\\lib\\site-packages\\flask\\app.py\", line 919, in full_dispatch_request\n    rv = self.handle_user_exception(e)\n  File \"D:\\Python\\Python310\\lib\\site-packages\\flask\\app.py\", line 917, in full_dispatch_request\n    rv = self.dispatch_request()\n  File \"D:\\Python\\Python310\\lib\\site-packages\\flask\\app.py\", line 902, in dispatch_request\n    return self.ensure_sync(self.view_functions[rule.endpoint])(**view_args)  # type: ignore[no-any-return]\n  File \"C:\\Users\\lenovo\\PycharmProjects\\PythonProject_openwrt_main\\app\\api\\user_api.py\", line 32, in decorated_function\n    return f(*args, **kwargs)\n  File \"C:\\Users\\lenovo\\PycharmProjects\\PythonProject_openwrt_main\\app\\api\\config_api.py\", line 649, in get_collector_config\n    traceback.print_exc()\n  File \"D:\\Python\\Python310\\lib\\traceback.py\", line 179, in print_exc\n    print_exception(*sys.exc_info(), limit=limit, file=file, chain=chain)\n  File \"D:\\Python\\Python310\\lib\\traceback.py\", line 121, in print_exception\n    print(line, file=file, end=\"\")\nOSError: [Errno 22] Invalid argument"}
{"timestamp": "2026-01-02T12:18:43.080981Z", "level": "ERROR", "logger": "app.bandix_api", "message": "Exception on /api/config/collector [GET]", "module": "app", "function": "log_exception", "line": 875, "exception": "Traceback (most recent call last):\n  File \"C:\\Users\\lenovo\\PycharmProjects\\PythonProject_openwrt_main\\app\\api\\config_api.py\", line 629, in get_collector_config\n    _, _, collector_config, _, _, _ = load_config_file(config_file)\nValueError: too many values to unpack (expected 6)\n\nDuring handling of the above exception, another exception occurred:\n\nTraceback (most recent call last):\n  File \"D:\\Python\\Python310\\lib\\site-packages\\flask\\app.py\", line 1511, in wsgi_app\n    response = self.full_dispatch_request()\n  File \"D:\\Python\\Python310\\lib\\site-packages\\flask\\app.py\", line 919, in full_dispatch_request\n    rv = self.handle_user_exception(e)\n  File \"D:\\Python\\Python310\\lib\\site-packages\\flask\\app.py\", line 917, in full_dispatch_request\n    rv = self.dispatch_request()\n  File \"D:\\Python\\Python310\\lib\\site-packages\\flask\\app.py\", line 902, in dispatch_request\n    return self.ensure_sync(self.view_functions[rule.endpoint])(**view_args)  # type: ignore[no-any-return]\n  File \"C:\\Users\\lenovo\\PycharmProjects\\PythonProject_openwrt_main\\app\\api\\user_api.py\", line 32, in decorated_function\n    return f(*args, **kwargs)\n  File \"C:\\Users\\lenovo\\PycharmProjects\\PythonProject_openwrt_main\\app\\api\\config_api.py\", line 649, in get_collector_config\n    traceback.print_exc()\n  File \"D:\\Python\\Python310\\lib\\traceback.py\", line 179, in print_exc\n    print_exception(*sys.exc_info(), limit=limit, file=file, chain=chain)\n  File \"D:\\Python\\Python310\\lib\\traceback.py\", line 121, in print_exception\n    print(line, file=file, end=\"\")\nOSError: [Errno 22] Invalid argument"}
{"timestamp": "2026-01-02T12:19:07.277057Z", "level": "ERROR", "logger": "app.bandix_api", "message": "Exception on /api/config/collector [GET]", "module": "app", "function": "log_exception", "line": 875, "exception": "Traceback (most recent call last):\n  File \"C:\\Users\\lenovo\\PycharmProjects\\PythonProject_openwrt_main\\app\\api\\config_api.py\", line 629, in get_collector_config\n    _, _, collector_config, _, _, _ = load_config_file(config_file)\nValueError: too many values to unpack (expected 6)\n\nDuring handling of the above exception, another exception occurred:\n\nTraceback (most recent call last):\n  File \"D:\\Python\\Python310\\lib\\site-packages\\flask\\app.py\", line 1511, in wsgi_app\n    response = self.full_dispatch_request()\n  File \"D:\\Python\\Python310\\lib\\site-packages\\flask\\app.py\", line 919, in full_dispatch_request\n    rv = self.handle_user_exception(e)\n  File \"D:\\Python\\Python310\\lib\\site-packages\\flask\\app.py\", line 917, in full_dispatch_request\n    rv = self.dispatch_request()\n  File \"D:\\Python\\Python310\\lib\\site-packages\\flask\\app.py\", line 902, in dispatch_request\n    return self.ensure_sync(self.view_functions[rule.endpoint])(**view_args)  # type: ignore[no-any-return]\n  File \"C:\\Users\\lenovo\\PycharmProjects\\PythonProject_openwrt_main\\app\\api\\user_api.py\", line 32, in decorated_function\n    return f(*args, **kwargs)\n  File \"C:\\Users\\lenovo\\PycharmProjects\\PythonProject_openwrt_main\\app\\api\\config_api.py\", line 649, in get_collector_config\n    traceback.print_exc()\n  File \"D:\\Python\\Python310\\lib\\traceback.py\", line 179, in print_exc\n    print_exception(*sys.exc_info(), limit=limit, file=file, chain=chain)\n  File \"D:\\Python\\Python310\\lib\\traceback.py\", line 121, in print_exception\n    print(line, file=file, end=\"\")\nOSError: [Errno 22] Invalid argument"}
{"timestamp": "2026-01-02T12:19:22.715080Z", "level": "ERROR", "logger": "app.bandix_api", "message": "Exception on /api/config/collector [GET]", "module": "app", "function": "log_exception", "line": 875, "exception": "Traceback (most recent call last):\n  File \"C:\\Users\\lenovo\\PycharmProjects\\PythonProject_openwrt_main\\app\\api\\config_api.py\", line 629, in get_collector_config\n    _, _, collector_config, _, _, _ = load_config_file(config_file)\nValueError: too many values to unpack (expected 6)\n\nDuring handling of the above exception, another exception occurred:\n\nTraceback (most recent call last):\n  File \"D:\\Python\\Python310\\lib\\site-packages\\flask\\app.py\", line 1511, in wsgi_app\n    response = self.full_dispatch_request()\n  File \"D:\\Python\\Python310\\lib\\site-packages\\flask\\app.py\", line 919, in full_dispatch_request\n    rv = self.handle_user_exception(e)\n  File \"D:\\Python\\Python310\\lib\\site-packages\\flask\\app.py\", line 917, in full_dispatch_request\n    rv = self.dispatch_request()\n  File \"D:\\Python\\Python310\\lib\\site-packages\\flask\\app.py\", line 902, in dispatch_request\n    return self.ensure_sync(self.view_functions[rule.endpoint])(**view_args)  # type: ignore[no-any-return]\n  File \"C:\\Users\\lenovo\\PycharmProjects\\PythonProject_openwrt_main\\app\\api\\user_api.py\", line 32, in decorated_function\n    return f(*args, **kwargs)\n  File \"C:\\Users\\lenovo\\PycharmProjects\\PythonProject_openwrt_main\\app\\api\\config_api.py\", line 649, in get_collector_config\n    traceback.print_exc()\n  File \"D:\\Python\\Python310\\lib\\traceback.py\", line 179, in print_exc\n    print_exception(*sys.exc_info(), limit=limit, file=file, chain=chain)\n  File \"D:\\Python\\Python310\\lib\\traceback.py\", line 121, in print_exception\n    print(line, file=file, end=\"\")\nOSError: [Errno 22] Invalid argument"}
{"timestamp": "2026-01-02T12:19:23.251593Z", "level": "ERROR", "logger": "app.bandix_api", "message": "Exception on /api/config/collector [GET]", "module": "app", "function": "log_exception", "line": 875, "exception": "Traceback (most recent call last):\n  File \"C:\\Users\\lenovo\\PycharmProjects\\PythonProject_openwrt_main\\app\\api\\config_api.py\", line 629, in get_collector_config\n    _, _, collector_config, _, _, _ = load_config_file(config_file)\nValueError: too many values to unpack (expected 6)\n\nDuring handling of the above exception, another exception occurred:\n\nTraceback (most recent call last):\n  File \"D:\\Python\\Python310\\lib\\site-packages\\flask\\app.py\", line 1511, in wsgi_app\n    response = self.full_dispatch_request()\n  File \"D:\\Python\\Python310\\lib\\site-packages\\flask\\app.py\", line 919, in full_dispatch_request\n    rv = self.handle_user_exception(e)\n  File \"D:\\Python\\Python310\\lib\\site-packages\\flask\\app.py\", line 917, in full_dispatch_request\n    rv = self.dispatch_request()\n  File \"D:\\Python\\Python310\\lib\\site-packages\\flask\\app.py\", line 902, in dispatch_request\n    return self.ensure_sync(self.view_functions[rule.endpoint])(**view_args)  # type: ignore[no-any-return]\n  File \"C:\\Users\\lenovo\\PycharmProjects\\PythonProject_openwrt_main\\app\\api\\user_api.py\", line 32, in decorated_function\n    return f(*args, **kwargs)\n  File \"C:\\Users\\lenovo\\PycharmProjects\\PythonProject_openwrt_main\\app\\api\\config_api.py\", line 649, in get_collector_config\n    traceback.print_exc()\n  File \"D:\\Python\\Python310\\lib\\traceback.py\", line 179, in print_exc\n    print_exception(*sys.exc_info(), limit=limit, file=file, chain=chain)\n  File \"D:\\Python\\Python310\\lib\\traceback.py\", line 121, in print_exception\n    print(line, file=file, end=\"\")\nOSError: [Errno 22] Invalid argument"}
{"timestamp": "2026-01-02T12:19:23.680936Z", "level": "ERROR", "logger": "app.bandix_api", "message": "Exception on /api/config/collector [GET]", "module": "app", "function": "log_exception", "line": 875, "exception": "Traceback (most recent call last):\n  File \"C:\\Users\\lenovo\\PycharmProjects\\PythonProject_openwrt_main\\app\\api\\config_api.py\", line 629, in get_collector_config\n    _, _, collector_config, _, _, _ = load_config_file(config_file)\nValueError: too many values to unpack (expected 6)\n\nDuring handling of the above exception, another exception occurred:\n\nTraceback (most recent call last):\n  File \"D:\\Python\\Python310\\lib\\site-packages\\flask\\app.py\", line 1511, in wsgi_app\n    response = self.full_dispatch_request()\n  File \"D:\\Python\\Python310\\lib\\site-packages\\flask\\app.py\", line 919, in full_dispatch_request\n    rv = self.handle_user_exception(e)\n  File \"D:\\Python\\Python310\\lib\\site-packages\\flask\\app.py\", line 917, in full_dispatch_request\n    rv = self.dispatch_request()\n  File \"D:\\Python\\Python310\\lib\\site-packages\\flask\\app.py\", line 902, in dispatch_request\n    return self.ensure_sync(self.view_functions[rule.endpoint])(**view_args)  # type: ignore[no-any-return]\n  File \"C:\\Users\\lenovo\\PycharmProjects\\PythonProject_openwrt_main\\app\\api\\user_api.py\", line 32, in decorated_function\n    return f(*args, **kwargs)\n  File \"C:\\Users\\lenovo\\PycharmProjects\\PythonProject_openwrt_main\\app\\api\\config_api.py\", line 649, in get_collector_config\n    traceback.print_exc()\n  File \"D:\\Python\\Python310\\lib\\traceback.py\", line 179, in print_exc\n    print_exception(*sys.exc_info(), limit=limit, file=file, chain=chain)\n  File \"D:\\Python\\Python310\\lib\\traceback.py\", line 121, in print_exception\n    print(line, file=file, end=\"\")\nOSError: [Errno 22] Invalid argument"}
{"timestamp": "2026-01-02T12:25:45.034316Z", "level": "ERROR", "logger": "app.bandix_api", "message": "Exception on /api/config/collector [GET]", "module": "app", "function": "log_exception", "line": 875, "exception": "Traceback (most recent call last):\n  File \"C:\\Users\\lenovo\\PycharmProjects\\PythonProject_openwrt_main\\app\\api\\config_api.py\", line 629, in get_collector_config\n    _, _, collector_config, _, _, _ = load_config_file(config_file)\nValueError: too many values to unpack (expected 6)\n\nDuring handling of the above exception, another exception occurred:\n\nTraceback (most recent call last):\n  File \"D:\\Python\\Python310\\lib\\site-packages\\flask\\app.py\", line 1511, in wsgi_app\n    response = self.full_dispatch_request()\n  File \"D:\\Python\\Python310\\lib\\site-packages\\flask\\app.py\", line 919, in full_dispatch_request\n    rv = self.handle_user_exception(e)\n  File \"D:\\Python\\Python310\\lib\\site-packages\\flask\\app.py\", line 917, in full_dispatch_request\n    rv = self.dispatch_request()\n  File \"D:\\Python\\Python310\\lib\\site-packages\\flask\\app.py\", line 902, in dispatch_request\n    return self.ensure_sync(self.view_functions[rule.endpoint])(**view_args)  # type: ignore[no-any-return]\n  File \"C:\\Users\\lenovo\\PycharmProjects\\PythonProject_openwrt_main\\app\\api\\user_api.py\", line 32, in decorated_function\n    return f(*args, **kwargs)\n  File \"C:\\Users\\lenovo\\PycharmProjects\\PythonProject_openwrt_main\\app\\api\\config_api.py\", line 649, in get_collector_config\n    traceback.print_exc()\n  File \"D:\\Python\\Python310\\lib\\traceback.py\", line 179, in print_exc\n    print_exception(*sys.exc_info(), limit=limit, file=file, chain=chain)\n  File \"D:\\Python\\Python310\\lib\\traceback.py\", line 121, in print_exception\n    print(line, file=file, end=\"\")\nOSError: [Errno 22] Invalid argument"}
{"timestamp": "2026-01-02T12:26:05.182463Z", "level": "ERROR", "logger": "app.bandix_api", "message": "Exception on /api/config/collector [GET]", "module": "app", "function": "log_exception", "line": 875, "exception": "Traceback (most recent call last):\n  File \"C:\\Users\\lenovo\\PycharmProjects\\PythonProject_openwrt_main\\app\\api\\config_api.py\", line 629, in get_collector_config\n    _, _, collector_config, _, _, _ = load_config_file(config_file)\nValueError: too many values to unpack (expected 6)\n\nDuring handling of the above exception, another exception occurred:\n\nTraceback (most recent call last):\n  File \"D:\\Python\\Python310\\lib\\site-packages\\flask\\app.py\", line 1511, in wsgi_app\n    response = self.full_dispatch_request()\n  File \"D:\\Python\\Python310\\lib\\site-packages\\flask\\app.py\", line 919, in full_dispatch_request\n    rv = self.handle_user_exception(e)\n  File \"D:\\Python\\Python310\\lib\\site-packages\\flask\\app.py\", line 917, in full_dispatch_request\n    rv = self.dispatch_request()\n  File \"D:\\Python\\Python310\\lib\\site-packages\\flask\\app.py\", line 902, in dispatch_request\n    return self.ensure_sync(self.view_functions[rule.endpoint])(**view_args)  # type: ignore[no-any-return]\n  File \"C:\\Users\\lenovo\\PycharmProjects\\PythonProject_openwrt_main\\app\\api\\user_api.py\", line 32, in decorated_function\n    return f(*args, **kwargs)\n  File \"C:\\Users\\lenovo\\PycharmProjects\\PythonProject_openwrt_main\\app\\api\\config_api.py\", line 649, in get_collector_config\n    traceback.print_exc()\n  File \"D:\\Python\\Python310\\lib\\traceback.py\", line 179, in print_exc\n    print_exception(*sys.exc_info(), limit=limit, file=file, chain=chain)\n  File \"D:\\Python\\Python310\\lib\\traceback.py\", line 121, in print_exception\n    print(line, file=file, end=\"\")\nOSError: [Errno 22] Invalid argument"}
{"timestamp": "2026-01-02T12:26:24.728329Z", "level": "ERROR", "logger": "app.bandix_api", "message": "Exception on /api/config/collector [GET]", "module": "app", "function": "log_exception", "line": 875, "exception": "Traceback (most recent call last):\n  File \"C:\\Users\\lenovo\\PycharmProjects\\PythonProject_openwrt_main\\app\\api\\config_api.py\", line 629, in get_collector_config\n    _, _, collector_config, _, _, _ = load_config_file(config_file)\nValueError: too many values to unpack (expected 6)\n\nDuring handling of the above exception, another exception occurred:\n\nTraceback (most recent call last):\n  File \"D:\\Python\\Python310\\lib\\site-packages\\flask\\app.py\", line 1511, in wsgi_app\n    response = self.full_dispatch_request()\n  File \"D:\\Python\\Python310\\lib\\site-packages\\flask\\app.py\", line 919, in full_dispatch_request\n    rv = self.handle_user_exception(e)\n  File \"D:\\Python\\Python310\\lib\\site-packages\\flask\\app.py\", line 917, in full_dispatch_request\n    rv = self.dispatch_request()\n  File \"D:\\Python\\Python310\\lib\\site-packages\\flask\\app.py\", line 902, in dispatch_request\n    return self.ensure_sync(self.view_functions[rule.endpoint])(**view_args)  # type: ignore[no-any-return]\n  File \"C:\\Users\\lenovo\\PycharmProjects\\PythonProject_openwrt_main\\app\\api\\user_api.py\", line 32, in decorated_function\n    return f(*args, **kwargs)\n  File \"C:\\Users\\lenovo\\PycharmProjects\\PythonProject_openwrt_main\\app\\api\\config_api.py\", line 649, in get_collector_config\n    traceback.print_exc()\n  File \"D:\\Python\\Python310\\lib\\traceback.py\", line 179, in print_exc\n    print_exception(*sys.exc_info(), limit=limit, file=file, chain=chain)\n  File \"D:\\Python\\Python310\\lib\\traceback.py\", line 121, in print_exception\n    print(line, file=file, end=\"\")\nOSError: [Errno 22] Invalid argument"}
{"timestamp": "2026-01-02T12:27:11.398147Z", "level": "ERROR", "logger": "app.bandix_api", "message": "Exception on /api/config/collector [GET]", "module": "app", "function": "log_exception", "line": 875, "exception": "Traceback (most recent call last):\n  File \"C:\\Users\\lenovo\\PycharmProjects\\PythonProject_openwrt_main\\app\\api\\config_api.py\", line 629, in get_collector_config\n    _, _, collector_config, _, _, _ = load_config_file(config_file)\nValueError: too many values to unpack (expected 6)\n\nDuring handling of the above exception, another exception occurred:\n\nTraceback (most recent call last):\n  File \"D:\\Python\\Python310\\lib\\site-packages\\flask\\app.py\", line 1511, in wsgi_app\n    response = self.full_dispatch_request()\n  File \"D:\\Python\\Python310\\lib\\site-packages\\flask\\app.py\", line 919, in full_dispatch_request\n    rv = self.handle_user_exception(e)\n  File \"D:\\Python\\Python310\\lib\\site-packages\\flask\\app.py\", line 917, in full_dispatch_request\n    rv = self.dispatch_request()\n  File \"D:\\Python\\Python310\\lib\\site-packages\\flask\\app.py\", line 902, in dispatch_request\n    return self.ensure_sync(self.view_functions[rule.endpoint])(**view_args)  # type: ignore[no-any-return]\n  File \"C:\\Users\\lenovo\\PycharmProjects\\PythonProject_openwrt_main\\app\\api\\user_api.py\", line 32, in decorated_function\n    return f(*args, **kwargs)\n  File \"C:\\Users\\lenovo\\PycharmProjects\\PythonProject_openwrt_main\\app\\api\\config_api.py\", line 649, in get_collector_config\n    traceback.print_exc()\n  File \"D:\\Python\\Python310\\lib\\traceback.py\", line 179, in print_exc\n    print_exception(*sys.exc_info(), limit=limit, file=file, chain=chain)\n  File \"D:\\Python\\Python310\\lib\\traceback.py\", line 121, in print_exception\n    print(line, file=file, end=\"\")\nOSError: [Errno 22] Invalid argument"}
{"timestamp": "2026-01-02T12:27:18.713907Z", "level": "ERROR", "logger": "app.bandix_api", "message": "Exception on /api/config/collector [GET]", "module": "app", "function": "log_exception", "line": 875, "exception": "Traceback (most recent call last):\n  File \"C:\\Users\\lenovo\\PycharmProjects\\PythonProject_openwrt_main\\app\\api\\config_api.py\", line 629, in get_collector_config\n    _, _, collector_config, _, _, _ = load_config_file(config_file)\nValueError: too many values to unpack (expected 6)\n\nDuring handling of the above exception, another exception occurred:\n\nTraceback (most recent call last):\n  File \"D:\\Python\\Python310\\lib\\site-packages\\flask\\app.py\", line 1511, in wsgi_app\n    response = self.full_dispatch_request()\n  File \"D:\\Python\\Python310\\lib\\site-packages\\flask\\app.py\", line 919, in full_dispatch_request\n    rv = self.handle_user_exception(e)\n  File \"D:\\Python\\Python310\\lib\\site-packages\\flask\\app.py\", line 917, in full_dispatch_request\n    rv = self.dispatch_request()\n  File \"D:\\Python\\Python310\\lib\\site-packages\\flask\\app.py\", line 902, in dispatch_request\n    return self.ensure_sync(self.view_functions[rule.endpoint])(**view_args)  # type: ignore[no-any-return]\n  File \"C:\\Users\\lenovo\\PycharmProjects\\PythonProject_openwrt_main\\app\\api\\user_api.py\", line 32, in decorated_function\n    return f(*args, **kwargs)\n  File \"C:\\Users\\lenovo\\PycharmProjects\\PythonProject_openwrt_main\\app\\api\\config_api.py\", line 649, in get_collector_config\n    traceback.print_exc()\n  File \"D:\\Python\\Python310\\lib\\traceback.py\", line 179, in print_exc\n    print_exception(*sys.exc_info(), limit=limit, file=file, chain=chain)\n  File \"D:\\Python\\Python310\\lib\\traceback.py\", line 121, in print_exception\n    print(line, file=file, end=\"\")\nOSError: [Errno 22] Invalid argument"}
{"timestamp": "2026-01-02T12:33:28.780701Z", "level": "ERROR", "logger": "app.bandix_api", "message": "Exception on /api/config/collector [GET]", "module": "app", "function": "log_exception", "line": 875, "exception": "Traceback (most recent call last):\n  File \"C:\\Users\\lenovo\\PycharmProjects\\PythonProject_openwrt_main\\app\\api\\config_api.py\", line 629, in get_collector_config\n    _, _, collector_config, _, _, _ = load_config_file(config_file)\nValueError: too many values to unpack (expected 6)\n\nDuring handling of the above exception, another exception occurred:\n\nTraceback (most recent call last):\n  File \"D:\\Python\\Python310\\lib\\site-packages\\flask\\app.py\", line 1511, in wsgi_app\n    response = self.full_dispatch_request()\n  File \"D:\\Python\\Python310\\lib\\site-packages\\flask\\app.py\", line 919, in full_dispatch_request\n    rv = self.handle_user_exception(e)\n  File \"D:\\Python\\Python310\\lib\\site-packages\\flask\\app.py\", line 917, in full_dispatch_request\n    rv = self.dispatch_request()\n  File \"D:\\Python\\Python310\\lib\\site-packages\\flask\\app.py\", line 902, in dispatch_request\n    return self.ensure_sync(self.view_functions[rule.endpoint])(**view_args)  # type: ignore[no-any-return]\n  File \"C:\\Users\\lenovo\\PycharmProjects\\PythonProject_openwrt_main\\app\\api\\user_api.py\", line 32, in decorated_function\n    return f(*args, **kwargs)\n  File \"C:\\Users\\lenovo\\PycharmProjects\\PythonProject_openwrt_main\\app\\api\\config_api.py\", line 649, in get_collector_config\n    traceback.print_exc()\n  File \"D:\\Python\\Python310\\lib\\traceback.py\", line 179, in print_exc\n    print_exception(*sys.exc_info(), limit=limit, file=file, chain=chain)\n  File \"D:\\Python\\Python310\\lib\\traceback.py\", line 121, in print_exception\n    print(line, file=file, end=\"\")\nOSError: [Errno 22] Invalid argument"}
{"timestamp": "2026-01-02T12:33:50.013864Z", "level": "ERROR", "logger": "app.bandix_api", "message": "Exception on /api/config/collector [GET]", "module": "app", "function": "log_exception", "line": 875, "exception": "Traceback (most recent call last):\n  File \"C:\\Users\\lenovo\\PycharmProjects\\PythonProject_openwrt_main\\app\\api\\config_api.py\", line 629, in get_collector_config\n    _, _, collector_config, _, _, _ = load_config_file(config_file)\nValueError: too many values to unpack (expected 6)\n\nDuring handling of the above exception, another exception occurred:\n\nTraceback (most recent call last):\n  File \"D:\\Python\\Python310\\lib\\site-packages\\flask\\app.py\", line 1511, in wsgi_app\n    response = self.full_dispatch_request()\n  File \"D:\\Python\\Python310\\lib\\site-packages\\flask\\app.py\", line 919, in full_dispatch_request\n    rv = self.handle_user_exception(e)\n  File \"D:\\Python\\Python310\\lib\\site-packages\\flask\\app.py\", line 917, in full_dispatch_request\n    rv = self.dispatch_request()\n  File \"D:\\Python\\Python310\\lib\\site-packages\\flask\\app.py\", line 902, in dispatch_request\n    return self.ensure_sync(self.view_functions[rule.endpoint])(**view_args)  # type: ignore[no-any-return]\n  File \"C:\\Users\\lenovo\\PycharmProjects\\PythonProject_openwrt_main\\app\\api\\user_api.py\", line 32, in decorated_function\n    return f(*args, **kwargs)\n  File \"C:\\Users\\lenovo\\PycharmProjects\\PythonProject_openwrt_main\\app\\api\\config_api.py\", line 649, in get_collector_config\n    traceback.print_exc()\n  File \"D:\\Python\\Python310\\lib\\traceback.py\", line 179, in print_exc\n    print_exception(*sys.exc_info(), limit=limit, file=file, chain=chain)\n  File \"D:\\Python\\Python310\\lib\\traceback.py\", line 121, in print_exception\n    print(line, file=file, end=\"\")\nOSError: [Errno 22] Invalid argument"}
{"timestamp": "2026-01-02T12:34:18.913308Z", "level": "ERROR", "logger": "app.bandix_api", "message": "Exception on /api/config/collector [GET]", "module": "app", "function": "log_exception", "line": 875, "exception": "Traceback (most recent call last):\n  File \"C:\\Users\\lenovo\\PycharmProjects\\PythonProject_openwrt_main\\app\\api\\config_api.py\", line 629, in get_collector_config\n    _, _, collector_config, _, _, _ = load_config_file(config_file)\nValueError: too many values to unpack (expected 6)\n\nDuring handling of the above exception, another exception occurred:\n\nTraceback (most recent call last):\n  File \"D:\\Python\\Python310\\lib\\site-packages\\flask\\app.py\", line 1511, in wsgi_app\n    response = self.full_dispatch_request()\n  File \"D:\\Python\\Python310\\lib\\site-packages\\flask\\app.py\", line 919, in full_dispatch_request\n    rv = self.handle_user_exception(e)\n  File \"D:\\Python\\Python310\\lib\\site-packages\\flask\\app.py\", line 917, in full_dispatch_request\n    rv = self.dispatch_request()\n  File \"D:\\Python\\Python310\\lib\\site-packages\\flask\\app.py\", line 902, in dispatch_request\n    return self.ensure_sync(self.view_functions[rule.endpoint])(**view_args)  # type: ignore[no-any-return]\n  File \"C:\\Users\\lenovo\\PycharmProjects\\PythonProject_openwrt_main\\app\\api\\user_api.py\", line 32, in decorated_function\n    return f(*args, **kwargs)\n  File \"C:\\Users\\lenovo\\PycharmProjects\\PythonProject_openwrt_main\\app\\api\\config_api.py\", line 649, in get_collector_config\n    traceback.print_exc()\n  File \"D:\\Python\\Python310\\lib\\traceback.py\", line 179, in print_exc\n    print_exception(*sys.exc_info(), limit=limit, file=file, chain=chain)\n  File \"D:\\Python\\Python310\\lib\\traceback.py\", line 121, in print_exception\n    print(line, file=file, end=\"\")\nOSError: [Errno 22] Invalid argument"}
{"timestamp": "2026-01-02T12:34:23.872804Z", "level": "ERROR", "logger": "app.bandix_api", "message": "Exception on /api/config/collector [GET]", "module": "app", "function": "log_exception", "line": 875, "exception": "Traceback (most recent call last):\n  File \"C:\\Users\\lenovo\\PycharmProjects\\PythonProject_openwrt_main\\app\\api\\config_api.py\", line 629, in get_collector_config\n    _, _, collector_config, _, _, _ = load_config_file(config_file)\nValueError: too many values to unpack (expected 6)\n\nDuring handling of the above exception, another exception occurred:\n\nTraceback (most recent call last):\n  File \"D:\\Python\\Python310\\lib\\site-packages\\flask\\app.py\", line 1511, in wsgi_app\n    response = self.full_dispatch_request()\n  File \"D:\\Python\\Python310\\lib\\site-packages\\flask\\app.py\", line 919, in full_dispatch_request\n    rv = self.handle_user_exception(e)\n  File \"D:\\Python\\Python310\\lib\\site-packages\\flask\\app.py\", line 917, in full_dispatch_request\n    rv = self.dispatch_request()\n  File \"D:\\Python\\Python310\\lib\\site-packages\\flask\\app.py\", line 902, in dispatch_request\n    return self.ensure_sync(self.view_functions[rule.endpoint])(**view_args)  # type: ignore[no-any-return]\n  File \"C:\\Users\\lenovo\\PycharmProjects\\PythonProject_openwrt_main\\app\\api\\user_api.py\", line 32, in decorated_function\n    return f(*args, **kwargs)\n  File \"C:\\Users\\lenovo\\PycharmProjects\\PythonProject_openwrt_main\\app\\api\\config_api.py\", line 649, in get_collector_config\n    traceback.print_exc()\n  File \"D:\\Python\\Python310\\lib\\traceback.py\", line 179, in print_exc\n    print_exception(*sys.exc_info(), limit=limit, file=file, chain=chain)\n  File \"D:\\Python\\Python310\\lib\\traceback.py\", line 121, in print_exception\n    print(line, file=file, end=\"\")\nOSError: [Errno 22] Invalid argument"}
{"timestamp": "2026-01-02T12:38:18.831741Z", "level": "ERROR", "logger": "app.bandix_api", "message": "Exception on /api/config/collector [GET]", "module": "app", "function": "log_exception", "line": 875, "exception": "Traceback (most recent call last):\n  File \"C:\\Users\\lenovo\\PycharmProjects\\PythonProject_openwrt_main\\app\\api\\config_api.py\", line 629, in get_collector_config\n    _, _, collector_config, _, _, _ = load_config_file(config_file)\nValueError: too many values to unpack (expected 6)\n\nDuring handling of the above exception, another exception occurred:\n\nTraceback (most recent call last):\n  File \"D:\\Python\\Python310\\lib\\site-packages\\flask\\app.py\", line 1511, in wsgi_app\n    response = self.full_dispatch_request()\n  File \"D:\\Python\\Python310\\lib\\site-packages\\flask\\app.py\", line 919, in full_dispatch_request\n    rv = self.handle_user_exception(e)\n  File \"D:\\Python\\Python310\\lib\\site-packages\\flask\\app.py\", line 917, in full_dispatch_request\n    rv = self.dispatch_request()\n  File \"D:\\Python\\Python310\\lib\\site-packages\\flask\\app.py\", line 902, in dispatch_request\n    return self.ensure_sync(self.view_functions[rule.endpoint])(**view_args)  # type: ignore[no-any-return]\n  File \"C:\\Users\\lenovo\\PycharmProjects\\PythonProject_openwrt_main\\app\\api\\user_api.py\", line 32, in decorated_function\n    return f(*args, **kwargs)\n  File \"C:\\Users\\lenovo\\PycharmProjects\\PythonProject_openwrt_main\\app\\api\\config_api.py\", line 649, in get_collector_config\n    traceback.print_exc()\n  File \"D:\\Python\\Python310\\lib\\traceback.py\", line 179, in print_exc\n    print_exception(*sys.exc_info(), limit=limit, file=file, chain=chain)\n  File \"D:\\Python\\Python310\\lib\\traceback.py\", line 121, in print_exception\n    print(line, file=file, end=\"\")\nOSError: [Errno 22] Invalid argument"}
{"timestamp": "2026-01-02T12:38:45.661309Z", "level": "ERROR", "logger": "app.bandix_api", "message": "Exception on /api/config/collector [GET]", "module": "app", "function": "log_exception", "line": 875, "exception": "Traceback (most recent call last):\n  File \"C:\\Users\\lenovo\\PycharmProjects\\PythonProject_openwrt_main\\app\\api\\config_api.py\", line 629, in get_collector_config\n    _, _, collector_config, _, _, _ = load_config_file(config_file)\nValueError: too many values to unpack (expected 6)\n\nDuring handling of the above exception, another exception occurred:\n\nTraceback (most recent call last):\n  File \"D:\\Python\\Python310\\lib\\site-packages\\flask\\app.py\", line 1511, in wsgi_app\n    response = self.full_dispatch_request()\n  File \"D:\\Python\\Python310\\lib\\site-packages\\flask\\app.py\", line 919, in full_dispatch_request\n    rv = self.handle_user_exception(e)\n  File \"D:\\Python\\Python310\\lib\\site-packages\\flask\\app.py\", line 917, in full_dispatch_request\n    rv = self.dispatch_request()\n  File \"D:\\Python\\Python310\\lib\\site-packages\\flask\\app.py\", line 902, in dispatch_request\n    return self.ensure_sync(self.view_functions[rule.endpoint])(**view_args)  # type: ignore[no-any-return]\n  File \"C:\\Users\\lenovo\\PycharmProjects\\PythonProject_openwrt_main\\app\\api\\user_api.py\", line 32, in decorated_function\n    return f(*args, **kwargs)\n  File \"C:\\Users\\lenovo\\PycharmProjects\\PythonProject_openwrt_main\\app\\api\\config_api.py\", line 649, in get_collector_config\n    traceback.print_exc()\n  File \"D:\\Python\\Python310\\lib\\traceback.py\", line 179, in print_exc\n    print_exception(*sys.exc_info(), limit=limit, file=file, chain=chain)\n  File \"D:\\Python\\Python310\\lib\\traceback.py\", line 121, in print_exception\n    print(line, file=file, end=\"\")\nOSError: [Errno 22] Invalid argument"}
{"timestamp": "2026-01-02T12:39:06.177920Z", "level": "ERROR", "logger": "app.bandix_api", "message": "Exception on /api/config/collector [GET]", "module": "app", "function": "log_exception", "line": 875, "exception": "Traceback (most recent call last):\n  File \"C:\\Users\\lenovo\\PycharmProjects\\PythonProject_openwrt_main\\app\\api\\config_api.py\", line 629, in get_collector_config\n    _, _, collector_config, _, _, _ = load_config_file(config_file)\nValueError: too many values to unpack (expected 6)\n\nDuring handling of the above exception, another exception occurred:\n\nTraceback (most recent call last):\n  File \"D:\\Python\\Python310\\lib\\site-packages\\flask\\app.py\", line 1511, in wsgi_app\n    response = self.full_dispatch_request()\n  File \"D:\\Python\\Python310\\lib\\site-packages\\flask\\app.py\", line 919, in full_dispatch_request\n    rv = self.handle_user_exception(e)\n  File \"D:\\Python\\Python310\\lib\\site-packages\\flask\\app.py\", line 917, in full_dispatch_request\n    rv = self.dispatch_request()\n  File \"D:\\Python\\Python310\\lib\\site-packages\\flask\\app.py\", line 902, in dispatch_request\n    return self.ensure_sync(self.view_functions[rule.endpoint])(**view_args)  # type: ignore[no-any-return]\n  File \"C:\\Users\\lenovo\\PycharmProjects\\PythonProject_openwrt_main\\app\\api\\user_api.py\", line 32, in decorated_function\n    return f(*args, **kwargs)\n  File \"C:\\Users\\lenovo\\PycharmProjects\\PythonProject_openwrt_main\\app\\api\\config_api.py\", line 649, in get_collector_config\n    traceback.print_exc()\n  File \"D:\\Python\\Python310\\lib\\traceback.py\", line 179, in print_exc\n    print_exception(*sys.exc_info(), limit=limit, file=file, chain=chain)\n  File \"D:\\Python\\Python310\\lib\\traceback.py\", line 121, in print_exception\n    print(line, file=file, end=\"\")\nOSError: [Errno 22] Invalid argument"}
{"timestamp": "2026-01-02T12:40:10.065734Z", "level": "ERROR", "logger": "app.bandix_api", "message": "Exception on /api/config/collector [GET]", "module": "app", "function": "log_exception", "line": 875, "exception": "Traceback (most recent call last):\n  File \"C:\\Users\\lenovo\\PycharmProjects\\PythonProject_openwrt_main\\app\\api\\config_api.py\", line 629, in get_collector_config\n    _, _, collector_config, _, _, _ = load_config_file(config_file)\nValueError: too many values to unpack (expected 6)\n\nDuring handling of the above exception, another exception occurred:\n\nTraceback (most recent call last):\n  File \"D:\\Python\\Python310\\lib\\site-packages\\flask\\app.py\", line 1511, in wsgi_app\n    response = self.full_dispatch_request()\n  File \"D:\\Python\\Python310\\lib\\site-packages\\flask\\app.py\", line 919, in full_dispatch_request\n    rv = self.handle_user_exception(e)\n  File \"D:\\Python\\Python310\\lib\\site-packages\\flask\\app.py\", line 917, in full_dispatch_request\n    rv = self.dispatch_request()\n  File \"D:\\Python\\Python310\\lib\\site-packages\\flask\\app.py\", line 902, in dispatch_request\n    return self.ensure_sync(self.view_functions[rule.endpoint])(**view_args)  # type: ignore[no-any-return]\n  File \"C:\\Users\\lenovo\\PycharmProjects\\PythonProject_openwrt_main\\app\\api\\user_api.py\", line 32, in decorated_function\n    return f(*args, **kwargs)\n  File \"C:\\Users\\lenovo\\PycharmProjects\\PythonProject_openwrt_main\\app\\api\\config_api.py\", line 649, in get_collector_config\n    traceback.print_exc()\n  File \"D:\\Python\\Python310\\lib\\traceback.py\", line 179, in print_exc\n    print_exception(*sys.exc_info(), limit=limit, file=file, chain=chain)\n  File \"D:\\Python\\Python310\\lib\\traceback.py\", line 121, in print_exception\n    print(line, file=file, end=\"\")\nOSError: [Errno 22] Invalid argument"}
{"timestamp": "2026-01-02T12:40:17.869791Z", "level": "ERROR", "logger": "app.bandix_api", "message": "Exception on /api/config/notifications/test [POST]", "module": "app", "function": "log_exception", "line": 875, "exception": "Traceback (most recent call last):\n  File \"C:\\Users\\lenovo\\PycharmProjects\\PythonProject_openwrt_main\\app\\services\\notification_service.py\", line 382, in _load_config\n    _, _, _, notifications_config, _, _ = load_config_file(config_file)\nValueError: too many values to unpack (expected 6)\n\nDuring handling of the above exception, another exception occurred:\n\nTraceback (most recent call last):\n  File \"C:\\Users\\lenovo\\PycharmProjects\\PythonProject_openwrt_main\\app\\api\\config_api.py\", line 561, in test_notifications\n    notification_service = NotificationService()\n  File \"C:\\Users\\lenovo\\PycharmProjects\\PythonProject_openwrt_main\\app\\services\\notification_service.py\", line 376, in __init__\n    self._load_config()\n  File \"C:\\Users\\lenovo\\PycharmProjects\\PythonProject_openwrt_main\\app\\services\\notification_service.py\", line 431, in _load_config\n    print(f\"[] : {e}\", file=sys.stderr)\nOSError: [Errno 22] Invalid argument\n\nDuring handling of the above exception, another exception occurred:\n\nTraceback (most recent call last):\n  File \"D:\\Python\\Python310\\lib\\site-packages\\flask\\app.py\", line 1511, in wsgi_app\n    response = self.full_dispatch_request()\n  File \"D:\\Python\\Python310\\lib\\site-packages\\flask\\app.py\", line 919, in full_dispatch_request\n    rv = self.handle_user_exception(e)\n  File \"D:\\Python\\Python310\\lib\\site-packages\\flask\\app.py\", line 917, in full_dispatch_request\n    rv = self.dispatch_request()\n  File \"D:\\Python\\Python310\\lib\\site-packages\\flask\\app.py\", line 902, in dispatch_request\n    return self.ensure_sync(self.view_functions[rule.endpoint])(**view_args)  # type: ignore[no-any-return]\n  File \"C:\\Users\\lenovo\\PycharmProjects\\PythonProject_openwrt_main\\app\\api\\user_api.py\", line 65, in decorated_function\n    return f(*args, **kwargs)\n  File \"C:\\Users\\lenovo\\PycharmProjects\\PythonProject_openwrt_main\\app\\api\\config_api.py\", line 585, in test_notifications\n    traceback.print_exc()\n  File \"D:\\Python\\Python310\\lib\\traceback.py\", line 179, in print_exc\n    print_exception(*sys.exc_info(), limit=limit, file=file, chain=chain)\n  File \"D:\\Python\\Python310\\lib\\traceback.py\", line 121, in print_exception\n    print(line, file=file, end=\"\")\nOSError: [Errno 22] Invalid argument"}
{"timestamp": "2026-01-02T12:44:40.435448Z", "level": "ERROR", "logger": "app.bandix_api", "message": "Exception on /api/config/collector [GET]", "module": "app", "function": "log_exception", "line": 875, "exception": "Traceback (most recent call last):\n  File \"C:\\Users\\lenovo\\PycharmProjects\\PythonProject_openwrt_main\\app\\api\\config_api.py\", line 629, in get_collector_config\n    _, _, collector_config, _, _, _, _ = load_config_file(config_file)\nValueError: too many values to unpack (expected 6)\n\nDuring handling of the above exception, another exception occurred:\n\nTraceback (most recent call last):\n  File \"D:\\Python\\Python310\\lib\\site-packages\\flask\\app.py\", line 1511, in wsgi_app\n    response = self.full_dispatch_request()\n  File \"D:\\Python\\Python310\\lib\\site-packages\\flask\\app.py\", line 919, in full_dispatch_request\n    rv = self.handle_user_exception(e)\n  File \"D:\\Python\\Python310\\lib\\site-packages\\flask\\app.py\", line 917, in full_dispatch_request\n    rv = self.dispatch_request()\n  File \"D:\\Python\\Python310\\lib\\site-packages\\flask\\app.py\", line 902, in dispatch_request\n    return self.ensure_sync(self.view_functions[rule.endpoint])(**view_args)  # type: ignore[no-any-return]\n  File \"C:\\Users\\lenovo\\PycharmProjects\\PythonProject_openwrt_main\\app\\api\\user_api.py\", line 32, in decorated_function\n    return f(*args, **kwargs)\n  File \"C:\\Users\\lenovo\\PycharmProjects\\PythonProject_openwrt_main\\app\\api\\config_api.py\", line 649, in get_collector_config\n    traceback.print_exc()\n  File \"D:\\Python\\Python310\\lib\\traceback.py\", line 179, in print_exc\n    print_exception(*sys.exc_info(), limit=limit, file=file, chain=chain)\n  File \"D:\\Python\\Python310\\lib\\traceback.py\", line 121, in print_exception\n    print(line, file=file, end=\"\")\nOSError: [Errno 22] Invalid argument"}
{"timestamp": "2026-01-02T12:44:53.220237Z", "level": "ERROR", "logger": "app.bandix_api", "message": "Exception on /api/config/notifications/test [POST]", "module": "app", "function": "log_exception", "line": 875, "exception": "Traceback (most recent call last):\n  File \"C:\\Users\\lenovo\\PycharmProjects\\PythonProject_openwrt_main\\app\\services\\notification_service.py\", line 382, in _load_config\n    _, _, _, notifications_config, _, _ = load_config_file(config_file)\nValueError: too many values to unpack (expected 6)\n\nDuring handling of the above exception, another exception occurred:\n\nTraceback (most recent call last):\n  File \"C:\\Users\\lenovo\\PycharmProjects\\PythonProject_openwrt_main\\app\\api\\config_api.py\", line 561, in test_notifications\n    notification_service = NotificationService()\n  File \"C:\\Users\\lenovo\\PycharmProjects\\PythonProject_openwrt_main\\app\\services\\notification_service.py\", line 376, in __init__\n    self._load_config()\n  File \"C:\\Users\\lenovo\\PycharmProjects\\PythonProject_openwrt_main\\app\\services\\notification_service.py\", line 431, in _load_config\n    print(f\"[] : {e}\", file=sys.stderr)\nOSError: [Errno 22] Invalid argument\n\nDuring handling of the above exception, another exception occurred:\n\nTraceback (most recent call last):\n  File \"D:\\Python\\Python310\\lib\\site-packages\\flask\\app.py\", line 1511, in wsgi_app\n    response = self.full_dispatch_request()\n  File \"D:\\Python\\Python310\\lib\\site-packages\\flask\\app.py\", line 919, in full_dispatch_request\n    rv = self.handle_user_exception(e)\n  File \"D:\\Python\\Python310\\lib\\site-packages\\flask\\app.py\", line 917, in full_dispatch_request\n    rv = self.dispatch_request()\n  File \"D:\\Python\\Python310\\lib\\site-packages\\flask\\app.py\", line 902, in dispatch_request\n    return self.ensure_sync(self.view_functions[rule.endpoint])(**view_args)  # type: ignore[no-any-return]\n  File \"C:\\Users\\lenovo\\PycharmProjects\\PythonProject_openwrt_main\\app\\api\\user_api.py\", line 65, in decorated_function\n    return f(*args, **kwargs)\n  File \"C:\\Users\\lenovo\\PycharmProjects\\PythonProject_openwrt_main\\app\\api\\config_api.py\", line 585, in test_notifications\n    traceback.print_exc()\n  File \"D:\\Python\\Python310\\lib\\traceback.py\", line 179, in print_exc\n    print_exception(*sys.exc_info(), limit=limit, file=file, chain=chain)\n  File \"D:\\Python\\Python310\\lib\\traceback.py\", line 121, in print_exception\n    print(line, file=file, end=\"\")\nOSError: [Errno 22] Invalid argument"}
{"timestamp": "2026-01-02T12:49:39.445407Z", "level": "ERROR", "logger": "app.bandix_api", "message": "Exception on /api/config/collector [GET]", "module": "app", "function": "log_exception", "line": 875, "exception": "Traceback (most recent call last):\n  File \"C:\\Users\\lenovo\\PycharmProjects\\PythonProject_openwrt_main\\app\\api\\config_api.py\", line 629, in get_collector_config\n    _, _, collector_config, _, _, _, _ = load_config_file(config_file)\nValueError: too many values to unpack (expected 6)\n\nDuring handling of the above exception, another exception occurred:\n\nTraceback (most recent call last):\n  File \"D:\\Python\\Python310\\lib\\site-packages\\flask\\app.py\", line 1511, in wsgi_app\n    response = self.full_dispatch_request()\n  File \"D:\\Python\\Python310\\lib\\site-packages\\flask\\app.py\", line 919, in full_dispatch_request\n    rv = self.handle_user_exception(e)\n  File \"D:\\Python\\Python310\\lib\\site-packages\\flask\\app.py\", line 917, in full_dispatch_request\n    rv = self.dispatch_request()\n  File \"D:\\Python\\Python310\\lib\\site-packages\\flask\\app.py\", line 902, in dispatch_request\n    return self.ensure_sync(self.view_functions[rule.endpoint])(**view_args)  # type: ignore[no-any-return]\n  File \"C:\\Users\\lenovo\\PycharmProjects\\PythonProject_openwrt_main\\app\\api\\user_api.py\", line 32, in decorated_function\n    return f(*args, **kwargs)\n  File \"C:\\Users\\lenovo\\PycharmProjects\\PythonProject_openwrt_main\\app\\api\\config_api.py\", line 649, in get_collector_config\n    traceback.print_exc()\n  File \"D:\\Python\\Python310\\lib\\traceback.py\", line 179, in print_exc\n    print_exception(*sys.exc_info(), limit=limit, file=file, chain=chain)\n  File \"D:\\Python\\Python310\\lib\\traceback.py\", line 121, in print_exception\n    print(line, file=file, end=\"\")\nOSError: [Errno 22] Invalid argument"}
{"timestamp": "2026-01-02T12:49:48.693606Z", "level": "ERROR", "logger": "app.bandix_api", "message": "Exception on /api/config/collector [GET]", "module": "app", "function": "log_exception", "line": 875, "exception": "Traceback (most recent call last):\n  File \"C:\\Users\\lenovo\\PycharmProjects\\PythonProject_openwrt_main\\app\\api\\config_api.py\", line 629, in get_collector_config\n    _, _, collector_config, _, _, _, _ = load_config_file(config_file)\nValueError: too many values to unpack (expected 6)\n\nDuring handling of the above exception, another exception occurred:\n\nTraceback (most recent call last):\n  File \"D:\\Python\\Python310\\lib\\site-packages\\flask\\app.py\", line 1511, in wsgi_app\n    response = self.full_dispatch_request()\n  File \"D:\\Python\\Python310\\lib\\site-packages\\flask\\app.py\", line 919, in full_dispatch_request\n    rv = self.handle_user_exception(e)\n  File \"D:\\Python\\Python310\\lib\\site-packages\\flask\\app.py\", line 917, in full_dispatch_request\n    rv = self.dispatch_request()\n  File \"D:\\Python\\Python310\\lib\\site-packages\\flask\\app.py\", line 902, in dispatch_request\n    return self.ensure_sync(self.view_functions[rule.endpoint])(**view_args)  # type: ignore[no-any-return]\n  File \"C:\\Users\\lenovo\\PycharmProjects\\PythonProject_openwrt_main\\app\\api\\user_api.py\", line 32, in decorated_function\n    return f(*args, **kwargs)\n  File \"C:\\Users\\lenovo\\PycharmProjects\\PythonProject_openwrt_main\\app\\api\\config_api.py\", line 649, in get_collector_config\n    traceback.print_exc()\n  File \"D:\\Python\\Python310\\lib\\traceback.py\", line 179, in print_exc\n    print_exception(*sys.exc_info(), limit=limit, file=file, chain=chain)\n  File \"D:\\Python\\Python310\\lib\\traceback.py\", line 121, in print_exception\n    print(line, file=file, end=\"\")\nOSError: [Errno 22] Invalid argument"}
{"timestamp": "2026-01-02T12:58:15.482935Z", "level": "ERROR", "logger": "app.bandix_api", "message": "Exception on /api/config/collector [GET]", "module": "app", "function": "log_exception", "line": 875, "exception": "Traceback (most recent call last):\n  File \"C:\\Users\\lenovo\\PycharmProjects\\PythonProject_openwrt_main\\app\\api\\config_api.py\", line 629, in get_collector_config\n    _, _, collector_config, _, _, _, _ = load_config_file(config_file)\nValueError: too many values to unpack (expected 6)\n\nDuring handling of the above exception, another exception occurred:\n\nTraceback (most recent call last):\n  File \"D:\\Python\\Python310\\lib\\site-packages\\flask\\app.py\", line 1511, in wsgi_app\n    response = self.full_dispatch_request()\n  File \"D:\\Python\\Python310\\lib\\site-packages\\flask\\app.py\", line 919, in full_dispatch_request\n    rv = self.handle_user_exception(e)\n  File \"D:\\Python\\Python310\\lib\\site-packages\\flask\\app.py\", line 917, in full_dispatch_request\n    rv = self.dispatch_request()\n  File \"D:\\Python\\Python310\\lib\\site-packages\\flask\\app.py\", line 902, in dispatch_request\n    return self.ensure_sync(self.view_functions[rule.endpoint])(**view_args)  # type: ignore[no-any-return]\n  File \"C:\\Users\\lenovo\\PycharmProjects\\PythonProject_openwrt_main\\app\\api\\user_api.py\", line 32, in decorated_function\n    return f(*args, **kwargs)\n  File \"C:\\Users\\lenovo\\PycharmProjects\\PythonProject_openwrt_main\\app\\api\\config_api.py\", line 649, in get_collector_config\n    traceback.print_exc()\n  File \"D:\\Python\\Python310\\lib\\traceback.py\", line 179, in print_exc\n    print_exception(*sys.exc_info(), limit=limit, file=file, chain=chain)\n  File \"D:\\Python\\Python310\\lib\\traceback.py\", line 121, in print_exception\n    print(line, file=file, end=\"\")\nOSError: [Errno 22] Invalid argument"}
{"timestamp": "2026-01-02T12:58:34.513470Z", "level": "ERROR", "logger": "app.bandix_api", "message": "Exception on /api/config/collector [GET]", "module": "app", "function": "log_exception", "line": 875, "exception": "Traceback (most recent call last):\n  File \"C:\\Users\\lenovo\\PycharmProjects\\PythonProject_openwrt_main\\app\\api\\config_api.py\", line 629, in get_collector_config\n    _, _, collector_config, _, _, _, _ = load_config_file(config_file)\nValueError: too many values to unpack (expected 6)\n\nDuring handling of the above exception, another exception occurred:\n\nTraceback (most recent call last):\n  File \"D:\\Python\\Python310\\lib\\site-packages\\flask\\app.py\", line 1511, in wsgi_app\n    response = self.full_dispatch_request()\n  File \"D:\\Python\\Python310\\lib\\site-packages\\flask\\app.py\", line 919, in full_dispatch_request\n    rv = self.handle_user_exception(e)\n  File \"D:\\Python\\Python310\\lib\\site-packages\\flask\\app.py\", line 917, in full_dispatch_request\n    rv = self.dispatch_request()\n  File \"D:\\Python\\Python310\\lib\\site-packages\\flask\\app.py\", line 902, in dispatch_request\n    return self.ensure_sync(self.view_functions[rule.endpoint])(**view_args)  # type: ignore[no-any-return]\n  File \"C:\\Users\\lenovo\\PycharmProjects\\PythonProject_openwrt_main\\app\\api\\user_api.py\", line 32, in decorated_function\n    return f(*args, **kwargs)\n  File \"C:\\Users\\lenovo\\PycharmProjects\\PythonProject_openwrt_main\\app\\api\\config_api.py\", line 649, in get_collector_config\n    traceback.print_exc()\n  File \"D:\\Python\\Python310\\lib\\traceback.py\", line 179, in print_exc\n    print_exception(*sys.exc_info(), limit=limit, file=file, chain=chain)\n  File \"D:\\Python\\Python310\\lib\\traceback.py\", line 121, in print_exception\n    print(line, file=file, end=\"\")\nOSError: [Errno 22] Invalid argument"}
{"timestamp": "2026-01-02T13:03:26.250559Z", "level": "ERROR", "logger": "app.bandix_api", "message": "Exception on /api/config/collector [GET]", "module": "app", "function": "log_exception", "line": 875, "exception": "Traceback (most recent call last):\n  File \"C:\\Users\\lenovo\\PycharmProjects\\PythonProject_openwrt_main\\app\\api\\config_api.py\", line 629, in get_collector_config\n    _, _, collector_config, _, _, _, _ = load_config_file(config_file)\nValueError: too many values to unpack (expected 6)\n\nDuring handling of the above exception, another exception occurred:\n\nTraceback (most recent call last):\n  File \"D:\\Python\\Python310\\lib\\site-packages\\flask\\app.py\", line 1511, in wsgi_app\n    response = self.full_dispatch_request()\n  File \"D:\\Python\\Python310\\lib\\site-packages\\flask\\app.py\", line 919, in full_dispatch_request\n    rv = self.handle_user_exception(e)\n  File \"D:\\Python\\Python310\\lib\\site-packages\\flask\\app.py\", line 917, in full_dispatch_request\n    rv = self.dispatch_request()\n  File \"D:\\Python\\Python310\\lib\\site-packages\\flask\\app.py\", line 902, in dispatch_request\n    return self.ensure_sync(self.view_functions[rule.endpoint])(**view_args)  # type: ignore[no-any-return]\n  File \"C:\\Users\\lenovo\\PycharmProjects\\PythonProject_openwrt_main\\app\\api\\user_api.py\", line 32, in decorated_function\n    return f(*args, **kwargs)\n  File \"C:\\Users\\lenovo\\PycharmProjects\\PythonProject_openwrt_main\\app\\api\\config_api.py\", line 649, in get_collector_config\n    traceback.print_exc()\n  File \"D:\\Python\\Python310\\lib\\traceback.py\", line 179, in print_exc\n    print_exception(*sys.exc_info(), limit=limit, file=file, chain=chain)\n  File \"D:\\Python\\Python310\\lib\\traceback.py\", line 121, in print_exception\n    print(line, file=file, end=\"\")\nOSError: [Errno 22] Invalid argument"}
{"timestamp": "2026-01-02T13:03:28.272379Z", "level": "ERROR", "logger": "app.bandix_api", "message": "Exception on /api/config/collector [GET]", "module": "app", "function": "log_exception", "line": 875, "exception": "Traceback (most recent call last):\n  File \"C:\\Users\\lenovo\\PycharmProjects\\PythonProject_openwrt_main\\app\\api\\config_api.py\", line 629, in get_collector_config\n    _, _, collector_config, _, _, _, _ = load_config_file(config_file)\nValueError: too many values to unpack (expected 6)\n\nDuring handling of the above exception, another exception occurred:\n\nTraceback (most recent call last):\n  File \"D:\\Python\\Python310\\lib\\site-packages\\flask\\app.py\", line 1511, in wsgi_app\n    response = self.full_dispatch_request()\n  File \"D:\\Python\\Python310\\lib\\site-packages\\flask\\app.py\", line 919, in full_dispatch_request\n    rv = self.handle_user_exception(e)\n  File \"D:\\Python\\Python310\\lib\\site-packages\\flask\\app.py\", line 917, in full_dispatch_request\n    rv = self.dispatch_request()\n  File \"D:\\Python\\Python310\\lib\\site-packages\\flask\\app.py\", line 902, in dispatch_request\n    return self.ensure_sync(self.view_functions[rule.endpoint])(**view_args)  # type: ignore[no-any-return]\n  File \"C:\\Users\\lenovo\\PycharmProjects\\PythonProject_openwrt_main\\app\\api\\user_api.py\", line 32, in decorated_function\n    return f(*args, **kwargs)\n  File \"C:\\Users\\lenovo\\PycharmProjects\\PythonProject_openwrt_main\\app\\api\\config_api.py\", line 649, in get_collector_config\n    traceback.print_exc()\n  File \"D:\\Python\\Python310\\lib\\traceback.py\", line 179, in print_exc\n    print_exception(*sys.exc_info(), limit=limit, file=file, chain=chain)\n  File \"D:\\Python\\Python310\\lib\\traceback.py\", line 121, in print_exception\n    print(line, file=file, end=\"\")\nOSError: [Errno 22] Invalid argument"}
{"timestamp": "2026-01-02T13:03:56.020879Z", "level": "ERROR", "logger": "app.bandix_api", "message": "Exception on /api/config/collector [GET]", "module": "app", "function": "log_exception", "line": 875, "exception": "Traceback (most recent call last):\n  File \"C:\\Users\\lenovo\\PycharmProjects\\PythonProject_openwrt_main\\app\\api\\config_api.py\", line 629, in get_collector_config\n    _, _, collector_config, _, _, _, _ = load_config_file(config_file)\nValueError: too many values to unpack (expected 6)\n\nDuring handling of the above exception, another exception occurred:\n\nTraceback (most recent call last):\n  File \"D:\\Python\\Python310\\lib\\site-packages\\flask\\app.py\", line 1511, in wsgi_app\n    response = self.full_dispatch_request()\n  File \"D:\\Python\\Python310\\lib\\site-packages\\flask\\app.py\", line 919, in full_dispatch_request\n    rv = self.handle_user_exception(e)\n  File \"D:\\Python\\Python310\\lib\\site-packages\\flask\\app.py\", line 917, in full_dispatch_request\n    rv = self.dispatch_request()\n  File \"D:\\Python\\Python310\\lib\\site-packages\\flask\\app.py\", line 902, in dispatch_request\n    return self.ensure_sync(self.view_functions[rule.endpoint])(**view_args)  # type: ignore[no-any-return]\n  File \"C:\\Users\\lenovo\\PycharmProjects\\PythonProject_openwrt_main\\app\\api\\user_api.py\", line 32, in decorated_function\n    return f(*args, **kwargs)\n  File \"C:\\Users\\lenovo\\PycharmProjects\\PythonProject_openwrt_main\\app\\api\\config_api.py\", line 649, in get_collector_config\n    traceback.print_exc()\n  File \"D:\\Python\\Python310\\lib\\traceback.py\", line 179, in print_exc\n    print_exception(*sys.exc_info(), limit=limit, file=file, chain=chain)\n  File \"D:\\Python\\Python310\\lib\\traceback.py\", line 121, in print_exception\n    print(line, file=file, end=\"\")\nOSError: [Errno 22] Invalid argument"}
{"timestamp": "2026-01-02T13:22:24.712516Z", "level": "ERROR", "logger": "app.bandix_api", "message": "Exception on /api/config/collector [GET]", "module": "app", "function": "log_exception", "line": 875, "exception": "Traceback (most recent call last):\n  File \"C:\\Users\\lenovo\\PycharmProjects\\PythonProject_openwrt_main\\app\\api\\config_api.py\", line 629, in get_collector_config\n    _, _, collector_config, _, _, _, _ = load_config_file(config_file)\nValueError: too many values to unpack (expected 6)\n\nDuring handling of the above exception, another exception occurred:\n\nTraceback (most recent call last):\n  File \"D:\\Python\\Python310\\lib\\site-packages\\flask\\app.py\", line 1511, in wsgi_app\n    response = self.full_dispatch_request()\n  File \"D:\\Python\\Python310\\lib\\site-packages\\flask\\app.py\", line 919, in full_dispatch_request\n    rv = self.handle_user_exception(e)\n  File \"D:\\Python\\Python310\\lib\\site-packages\\flask\\app.py\", line 917, in full_dispatch_request\n    rv = self.dispatch_request()\n  File \"D:\\Python\\Python310\\lib\\site-packages\\flask\\app.py\", line 902, in dispatch_request\n    return self.ensure_sync(self.view_functions[rule.endpoint])(**view_args)  # type: ignore[no-any-return]\n  File \"C:\\Users\\lenovo\\PycharmProjects\\PythonProject_openwrt_main\\app\\api\\user_api.py\", line 32, in decorated_function\n    return f(*args, **kwargs)\n  File \"C:\\Users\\lenovo\\PycharmProjects\\PythonProject_openwrt_main\\app\\api\\config_api.py\", line 649, in get_collector_config\n    traceback.print_exc()\n  File \"D:\\Python\\Python310\\lib\\traceback.py\", line 179, in print_exc\n    print_exception(*sys.exc_info(), limit=limit, file=file, chain=chain)\n  File \"D:\\Python\\Python310\\lib\\traceback.py\", line 121, in print_exception\n    print(line, file=file, end=\"\")\nOSError: [Errno 22] Invalid argument"}
{"timestamp": "2026-01-02T13:23:07.843214Z", "level": "ERROR", "logger": "app.bandix_api", "message": "Exception on /api/config/collector [GET]", "module": "app", "function": "log_exception", "line": 875, "exception": "Traceback (most recent call last):\n  File \"C:\\Users\\lenovo\\PycharmProjects\\PythonProject_openwrt_main\\app\\api\\config_api.py\", line 629, in get_collector_config\n    _, _, collector_config, _, _, _, _ = load_config_file(config_file)\nValueError: too many values to unpack (expected 6)\n\nDuring handling of the above exception, another exception occurred:\n\nTraceback (most recent call last):\n  File \"D:\\Python\\Python310\\lib\\site-packages\\flask\\app.py\", line 1511, in wsgi_app\n    response = self.full_dispatch_request()\n  File \"D:\\Python\\Python310\\lib\\site-packages\\flask\\app.py\", line 919, in full_dispatch_request\n    rv = self.handle_user_exception(e)\n  File \"D:\\Python\\Python310\\lib\\site-packages\\flask\\app.py\", line 917, in full_dispatch_request\n    rv = self.dispatch_request()\n  File \"D:\\Python\\Python310\\lib\\site-packages\\flask\\app.py\", line 902, in dispatch_request\n    return self.ensure_sync(self.view_functions[rule.endpoint])(**view_args)  # type: ignore[no-any-return]\n  File \"C:\\Users\\lenovo\\PycharmProjects\\PythonProject_openwrt_main\\app\\api\\user_api.py\", line 32, in decorated_function\n    return f(*args, **kwargs)\n  File \"C:\\Users\\lenovo\\PycharmProjects\\PythonProject_openwrt_main\\app\\api\\config_api.py\", line 649, in get_collector_config\n    traceback.print_exc()\n  File \"D:\\Python\\Python310\\lib\\traceback.py\", line 179, in print_exc\n    print_exception(*sys.exc_info(), limit=limit, file=file, chain=chain)\n  File \"D:\\Python\\Python310\\lib\\traceback.py\", line 121, in print_exception\n    print(line, file=file, end=\"\")\nOSError: [Errno 22] Invalid argument"}
{"timestamp": "2026-01-02T13:32:11.742599Z", "level": "ERROR", "logger": "app.bandix_api", "message": "Exception on /api/config/collector [GET]", "module": "app", "function": "log_exception", "line": 875, "exception": "Traceback (most recent call last):\n  File \"C:\\Users\\lenovo\\PycharmProjects\\PythonProject_openwrt_main\\app\\api\\config_api.py\", line 629, in get_collector_config\n    _, _, collector_config, _, _, _, _ = load_config_file(config_file)\nValueError: too many values to unpack (expected 6)\n\nDuring handling of the above exception, another exception occurred:\n\nTraceback (most recent call last):\n  File \"D:\\Python\\Python310\\lib\\site-packages\\flask\\app.py\", line 1511, in wsgi_app\n    response = self.full_dispatch_request()\n  File \"D:\\Python\\Python310\\lib\\site-packages\\flask\\app.py\", line 919, in full_dispatch_request\n    rv = self.handle_user_exception(e)\n  File \"D:\\Python\\Python310\\lib\\site-packages\\flask\\app.py\", line 917, in full_dispatch_request\n    rv = self.dispatch_request()\n  File \"D:\\Python\\Python310\\lib\\site-packages\\flask\\app.py\", line 902, in dispatch_request\n    return self.ensure_sync(self.view_functions[rule.endpoint])(**view_args)  # type: ignore[no-any-return]\n  File \"C:\\Users\\lenovo\\PycharmProjects\\PythonProject_openwrt_main\\app\\api\\user_api.py\", line 32, in decorated_function\n    return f(*args, **kwargs)\n  File \"C:\\Users\\lenovo\\PycharmProjects\\PythonProject_openwrt_main\\app\\api\\config_api.py\", line 649, in get_collector_config\n    traceback.print_exc()\n  File \"D:\\Python\\Python310\\lib\\traceback.py\", line 179, in print_exc\n    print_exception(*sys.exc_info(), limit=limit, file=file, chain=chain)\n  File \"D:\\Python\\Python310\\lib\\traceback.py\", line 121, in print_exception\n    print(line, file=file, end=\"\")\nOSError: [Errno 22] Invalid argument"}
{"timestamp": "2026-01-02T13:32:17.611946Z", "level": "ERROR", "logger": "app.bandix_api", "message": "Exception on /api/config/collector [GET]", "module": "app", "function": "log_exception", "line": 875, "exception": "Traceback (most recent call last):\n  File \"C:\\Users\\lenovo\\PycharmProjects\\PythonProject_openwrt_main\\app\\api\\config_api.py\", line 629, in get_collector_config\n    _, _, collector_config, _, _, _, _ = load_config_file(config_file)\nValueError: too many values to unpack (expected 6)\n\nDuring handling of the above exception, another exception occurred:\n\nTraceback (most recent call last):\n  File \"D:\\Python\\Python310\\lib\\site-packages\\flask\\app.py\", line 1511, in wsgi_app\n    response = self.full_dispatch_request()\n  File \"D:\\Python\\Python310\\lib\\site-packages\\flask\\app.py\", line 919, in full_dispatch_request\n    rv = self.handle_user_exception(e)\n  File \"D:\\Python\\Python310\\lib\\site-packages\\flask\\app.py\", line 917, in full_dispatch_request\n    rv = self.dispatch_request()\n  File \"D:\\Python\\Python310\\lib\\site-packages\\flask\\app.py\", line 902, in dispatch_request\n    return self.ensure_sync(self.view_functions[rule.endpoint])(**view_args)  # type: ignore[no-any-return]\n  File \"C:\\Users\\lenovo\\PycharmProjects\\PythonProject_openwrt_main\\app\\api\\user_api.py\", line 32, in decorated_function\n    return f(*args, **kwargs)\n  File \"C:\\Users\\lenovo\\PycharmProjects\\PythonProject_openwrt_main\\app\\api\\config_api.py\", line 649, in get_collector_config\n    traceback.print_exc()\n  File \"D:\\Python\\Python310\\lib\\traceback.py\", line 179, in print_exc\n    print_exception(*sys.exc_info(), limit=limit, file=file, chain=chain)\n  File \"D:\\Python\\Python310\\lib\\traceback.py\", line 121, in print_exception\n    print(line, file=file, end=\"\")\nOSError: [Errno 22] Invalid argument"}
{"timestamp": "2026-01-02T13:32:31.292877Z", "level": "ERROR", "logger": "app.bandix_api", "message": "Exception on /api/config/collector [GET]", "module": "app", "function": "log_exception", "line": 875, "exception": "Traceback (most recent call last):\n  File \"C:\\Users\\lenovo\\PycharmProjects\\PythonProject_openwrt_main\\app\\api\\config_api.py\", line 629, in get_collector_config\n    _, _, collector_config, _, _, _, _ = load_config_file(config_file)\nValueError: too many values to unpack (expected 6)\n\nDuring handling of the above exception, another exception occurred:\n\nTraceback (most recent call last):\n  File \"D:\\Python\\Python310\\lib\\site-packages\\flask\\app.py\", line 1511, in wsgi_app\n    response = self.full_dispatch_request()\n  File \"D:\\Python\\Python310\\lib\\site-packages\\flask\\app.py\", line 919, in full_dispatch_request\n    rv = self.handle_user_exception(e)\n  File \"D:\\Python\\Python310\\lib\\site-packages\\flask\\app.py\", line 917, in full_dispatch_request\n    rv = self.dispatch_request()\n  File \"D:\\Python\\Python310\\lib\\site-packages\\flask\\app.py\", line 902, in dispatch_request\n    return self.ensure_sync(self.view_functions[rule.endpoint])(**view_args)  # type: ignore[no-any-return]\n  File \"C:\\Users\\lenovo\\PycharmProjects\\PythonProject_openwrt_main\\app\\api\\user_api.py\", line 32, in decorated_function\n    return f(*args, **kwargs)\n  File \"C:\\Users\\lenovo\\PycharmProjects\\PythonProject_openwrt_main\\app\\api\\config_api.py\", line 649, in get_collector_config\n    traceback.print_exc()\n  File \"D:\\Python\\Python310\\lib\\traceback.py\", line 179, in print_exc\n    print_exception(*sys.exc_info(), limit=limit, file=file, chain=chain)\n  File \"D:\\Python\\Python310\\lib\\traceback.py\", line 121, in print_exception\n    print(line, file=file, end=\"\")\nOSError: [Errno 22] Invalid argument"}
{"timestamp": "2026-01-02T13:50:33.460146Z", "level": "ERROR", "logger": "app.bandix_api", "message": "Exception on /api/config/collector [GET]", "module": "app", "function": "log_exception", "line": 875, "exception": "Traceback (most recent call last):\n  File \"C:\\Users\\lenovo\\PycharmProjects\\PythonProject_openwrt_main\\app\\api\\config_api.py\", line 629, in get_collector_config\n    _, _, collector_config, _, _, _, _ = load_config_file(config_file)\nValueError: too many values to unpack (expected 6)\n\nDuring handling of the above exception, another exception occurred:\n\nTraceback (most recent call last):\n  File \"D:\\Python\\Python310\\lib\\site-packages\\flask\\app.py\", line 1511, in wsgi_app\n    response = self.full_dispatch_request()\n  File \"D:\\Python\\Python310\\lib\\site-packages\\flask\\app.py\", line 919, in full_dispatch_request\n    rv = self.handle_user_exception(e)\n  File \"D:\\Python\\Python310\\lib\\site-packages\\flask\\app.py\", line 917, in full_dispatch_request\n    rv = self.dispatch_request()\n  File \"D:\\Python\\Python310\\lib\\site-packages\\flask\\app.py\", line 902, in dispatch_request\n    return self.ensure_sync(self.view_functions[rule.endpoint])(**view_args)  # type: ignore[no-any-return]\n  File \"C:\\Users\\lenovo\\PycharmProjects\\PythonProject_openwrt_main\\app\\api\\user_api.py\", line 32, in decorated_function\n    return f(*args, **kwargs)\n  File \"C:\\Users\\lenovo\\PycharmProjects\\PythonProject_openwrt_main\\app\\api\\config_api.py\", line 649, in get_collector_config\n    traceback.print_exc()\n  File \"D:\\Python\\Python310\\lib\\traceback.py\", line 179, in print_exc\n    print_exception(*sys.exc_info(), limit=limit, file=file, chain=chain)\n  File \"D:\\Python\\Python310\\lib\\traceback.py\", line 121, in print_exception\n    print(line, file=file, end=\"\")\nOSError: [Errno 22] Invalid argument"}
{"timestamp": "2026-01-02T13:51:16.007900Z", "level": "ERROR", "logger": "app.bandix_api", "message": "Exception on /api/config/collector [GET]", "module": "app", "function": "log_exception", "line": 875, "exception": "Traceback (most recent call last):\n  File \"C:\\Users\\lenovo\\PycharmProjects\\PythonProject_openwrt_main\\app\\api\\config_api.py\", line 629, in get_collector_config\n    _, _, collector_config, _, _, _, _ = load_config_file(config_file)\nValueError: too many values to unpack (expected 6)\n\nDuring handling of the above exception, another exception occurred:\n\nTraceback (most recent call last):\n  File \"D:\\Python\\Python310\\lib\\site-packages\\flask\\app.py\", line 1511, in wsgi_app\n    response = self.full_dispatch_request()\n  File \"D:\\Python\\Python310\\lib\\site-packages\\flask\\app.py\", line 919, in full_dispatch_request\n    rv = self.handle_user_exception(e)\n  File \"D:\\Python\\Python310\\lib\\site-packages\\flask\\app.py\", line 917, in full_dispatch_request\n    rv = self.dispatch_request()\n  File \"D:\\Python\\Python310\\lib\\site-packages\\flask\\app.py\", line 902, in dispatch_request\n    return self.ensure_sync(self.view_functions[rule.endpoint])(**view_args)  # type: ignore[no-any-return]\n  File \"C:\\Users\\lenovo\\PycharmProjects\\PythonProject_openwrt_main\\app\\api\\user_api.py\", line 32, in decorated_function\n    return f(*args, **kwargs)\n  File \"C:\\Users\\lenovo\\PycharmProjects\\PythonProject_openwrt_main\\app\\api\\config_api.py\", line 649, in get_collector_config\n    traceback.print_exc()\n  File \"D:\\Python\\Python310\\lib\\traceback.py\", line 179, in print_exc\n    print_exception(*sys.exc_info(), limit=limit, file=file, chain=chain)\n  File \"D:\\Python\\Python310\\lib\\traceback.py\", line 121, in print_exception\n    print(line, file=file, end=\"\")\nOSError: [Errno 22] Invalid argument"}
{"timestamp": "2026-01-02T13:59:12.033973Z", "level": "ERROR", "logger": "app.bandix_api", "message": "Exception on /api/config/collector [GET]", "module": "app", "function": "log_exception", "line": 875, "exception": "Traceback (most recent call last):\n  File \"C:\\Users\\lenovo\\PycharmProjects\\PythonProject_openwrt_main\\app\\api\\config_api.py\", line 629, in get_collector_config\n    _, _, collector_config, _, _, _, _ = load_config_file(config_file)\nValueError: too many values to unpack (expected 6)\n\nDuring handling of the above exception, another exception occurred:\n\nTraceback (most recent call last):\n  File \"D:\\Python\\Python310\\lib\\site-packages\\flask\\app.py\", line 1511, in wsgi_app\n    response = self.full_dispatch_request()\n  File \"D:\\Python\\Python310\\lib\\site-packages\\flask\\app.py\", line 919, in full_dispatch_request\n    rv = self.handle_user_exception(e)\n  File \"D:\\Python\\Python310\\lib\\site-packages\\flask\\app.py\", line 917, in full_dispatch_request\n    rv = self.dispatch_request()\n  File \"D:\\Python\\Python310\\lib\\site-packages\\flask\\app.py\", line 902, in dispatch_request\n    return self.ensure_sync(self.view_functions[rule.endpoint])(**view_args)  # type: ignore[no-any-return]\n  File \"C:\\Users\\lenovo\\PycharmProjects\\PythonProject_openwrt_main\\app\\api\\user_api.py\", line 32, in decorated_function\n    return f(*args, **kwargs)\n  File \"C:\\Users\\lenovo\\PycharmProjects\\PythonProject_openwrt_main\\app\\api\\config_api.py\", line 649, in get_collector_config\n    traceback.print_exc()\n  File \"D:\\Python\\Python310\\lib\\traceback.py\", line 179, in print_exc\n    print_exception(*sys.exc_info(), limit=limit, file=file, chain=chain)\n  File \"D:\\Python\\Python310\\lib\\traceback.py\", line 121, in print_exception\n    print(line, file=file, end=\"\")\nOSError: [Errno 22] Invalid argument"}
{"timestamp": "2026-01-02T13:59:12.728400Z", "level": "ERROR", "logger": "app.bandix_api", "message": "Exception on /api/config/collector [GET]", "module": "app", "function": "log_exception", "line": 875, "exception": "Traceback (most recent call last):\n  File \"C:\\Users\\lenovo\\PycharmProjects\\PythonProject_openwrt_main\\app\\api\\config_api.py\", line 629, in get_collector_config\n    _, _, collector_config, _, _, _, _ = load_config_file(config_file)\nValueError: too many values to unpack (expected 6)\n\nDuring handling of the above exception, another exception occurred:\n\nTraceback (most recent call last):\n  File \"D:\\Python\\Python310\\lib\\site-packages\\flask\\app.py\", line 1511, in wsgi_app\n    response = self.full_dispatch_request()\n  File \"D:\\Python\\Python310\\lib\\site-packages\\flask\\app.py\", line 919, in full_dispatch_request\n    rv = self.handle_user_exception(e)\n  File \"D:\\Python\\Python310\\lib\\site-packages\\flask\\app.py\", line 917, in full_dispatch_request\n    rv = self.dispatch_request()\n  File \"D:\\Python\\Python310\\lib\\site-packages\\flask\\app.py\", line 902, in dispatch_request\n    return self.ensure_sync(self.view_functions[rule.endpoint])(**view_args)  # type: ignore[no-any-return]\n  File \"C:\\Users\\lenovo\\PycharmProjects\\PythonProject_openwrt_main\\app\\api\\user_api.py\", line 32, in decorated_function\n    return f(*args, **kwargs)\n  File \"C:\\Users\\lenovo\\PycharmProjects\\PythonProject_openwrt_main\\app\\api\\config_api.py\", line 649, in get_collector_config\n    traceback.print_exc()\n  File \"D:\\Python\\Python310\\lib\\traceback.py\", line 179, in print_exc\n    print_exception(*sys.exc_info(), limit=limit, file=file, chain=chain)\n  File \"D:\\Python\\Python310\\lib\\traceback.py\", line 121, in print_exception\n    print(line, file=file, end=\"\")\nOSError: [Errno 22] Invalid argument"}
{"timestamp": "2026-01-02T14:01:11.316238Z", "level": "ERROR", "logger": "app.bandix_api", "message": "Exception on /api/config/collector [GET]", "module": "app", "function": "log_exception", "line": 875, "exception": "Traceback (most recent call last):\n  File \"C:\\Users\\lenovo\\PycharmProjects\\PythonProject_openwrt_main\\app\\api\\config_api.py\", line 629, in get_collector_config\n    _, _, collector_config, _, _, _, _ = load_config_file(config_file)\nValueError: too many values to unpack (expected 6)\n\nDuring handling of the above exception, another exception occurred:\n\nTraceback (most recent call last):\n  File \"D:\\Python\\Python310\\lib\\site-packages\\flask\\app.py\", line 1511, in wsgi_app\n    response = self.full_dispatch_request()\n  File \"D:\\Python\\Python310\\lib\\site-packages\\flask\\app.py\", line 919, in full_dispatch_request\n    rv = self.handle_user_exception(e)\n  File \"D:\\Python\\Python310\\lib\\site-packages\\flask\\app.py\", line 917, in full_dispatch_request\n    rv = self.dispatch_request()\n  File \"D:\\Python\\Python310\\lib\\site-packages\\flask\\app.py\", line 902, in dispatch_request\n    return self.ensure_sync(self.view_functions[rule.endpoint])(**view_args)  # type: ignore[no-any-return]\n  File \"C:\\Users\\lenovo\\PycharmProjects\\PythonProject_openwrt_main\\app\\api\\user_api.py\", line 32, in decorated_function\n    return f(*args, **kwargs)\n  File \"C:\\Users\\lenovo\\PycharmProjects\\PythonProject_openwrt_main\\app\\api\\config_api.py\", line 649, in get_collector_config\n    traceback.print_exc()\n  File \"D:\\Python\\Python310\\lib\\traceback.py\", line 179, in print_exc\n    print_exception(*sys.exc_info(), limit=limit, file=file, chain=chain)\n  File \"D:\\Python\\Python310\\lib\\traceback.py\", line 121, in print_exception\n    print(line, file=file, end=\"\")\nOSError: [Errno 22] Invalid argument"}
{"timestamp": "2026-01-02T14:03:59.965268Z", "level": "ERROR", "logger": "app.bandix_api", "message": "Exception on /api/config/collector [GET]", "module": "app", "function": "log_exception", "line": 875, "exception": "Traceback (most recent call last):\n  File \"C:\\Users\\lenovo\\PycharmProjects\\PythonProject_openwrt_main\\app\\api\\config_api.py\", line 629, in get_collector_config\n    _, _, collector_config, _, _, _, _ = load_config_file(config_file)\nValueError: too many values to unpack (expected 6)\n\nDuring handling of the above exception, another exception occurred:\n\nTraceback (most recent call last):\n  File \"D:\\Python\\Python310\\lib\\site-packages\\flask\\app.py\", line 1511, in wsgi_app\n    response = self.full_dispatch_request()\n  File \"D:\\Python\\Python310\\lib\\site-packages\\flask\\app.py\", line 919, in full_dispatch_request\n    rv = self.handle_user_exception(e)\n  File \"D:\\Python\\Python310\\lib\\site-packages\\flask\\app.py\", line 917, in full_dispatch_request\n    rv = self.dispatch_request()\n  File \"D:\\Python\\Python310\\lib\\site-packages\\flask\\app.py\", line 902, in dispatch_request\n    return self.ensure_sync(self.view_functions[rule.endpoint])(**view_args)  # type: ignore[no-any-return]\n  File \"C:\\Users\\lenovo\\PycharmProjects\\PythonProject_openwrt_main\\app\\api\\user_api.py\", line 32, in decorated_function\n    return f(*args, **kwargs)\n  File \"C:\\Users\\lenovo\\PycharmProjects\\PythonProject_openwrt_main\\app\\api\\config_api.py\", line 649, in get_collector_config\n    traceback.print_exc()\n  File \"D:\\Python\\Python310\\lib\\traceback.py\", line 179, in print_exc\n    print_exception(*sys.exc_info(), limit=limit, file=file, chain=chain)\n  File \"D:\\Python\\Python310\\lib\\traceback.py\", line 121, in print_exception\n    print(line, file=file, end=\"\")\nOSError: [Errno 22] Invalid argument"}
{"timestamp": "2026-01-02T14:05:45.347051Z", "level": "ERROR", "logger": "app.bandix_api", "message": "Exception on /api/config/collector [GET]", "module": "app", "function": "log_exception", "line": 875, "exception": "Traceback (most recent call last):\n  File \"C:\\Users\\lenovo\\PycharmProjects\\PythonProject_openwrt_main\\app\\api\\config_api.py\", line 629, in get_collector_config\n    _, _, collector_config, _, _, _, _ = load_config_file(config_file)\nValueError: too many values to unpack (expected 6)\n\nDuring handling of the above exception, another exception occurred:\n\nTraceback (most recent call last):\n  File \"D:\\Python\\Python310\\lib\\site-packages\\flask\\app.py\", line 1511, in wsgi_app\n    response = self.full_dispatch_request()\n  File \"D:\\Python\\Python310\\lib\\site-packages\\flask\\app.py\", line 919, in full_dispatch_request\n    rv = self.handle_user_exception(e)\n  File \"D:\\Python\\Python310\\lib\\site-packages\\flask\\app.py\", line 917, in full_dispatch_request\n    rv = self.dispatch_request()\n  File \"D:\\Python\\Python310\\lib\\site-packages\\flask\\app.py\", line 902, in dispatch_request\n    return self.ensure_sync(self.view_functions[rule.endpoint])(**view_args)  # type: ignore[no-any-return]\n  File \"C:\\Users\\lenovo\\PycharmProjects\\PythonProject_openwrt_main\\app\\api\\user_api.py\", line 32, in decorated_function\n    return f(*args, **kwargs)\n  File \"C:\\Users\\lenovo\\PycharmProjects\\PythonProject_openwrt_main\\app\\api\\config_api.py\", line 649, in get_collector_config\n    traceback.print_exc()\n  File \"D:\\Python\\Python310\\lib\\traceback.py\", line 179, in print_exc\n    print_exception(*sys.exc_info(), limit=limit, file=file, chain=chain)\n  File \"D:\\Python\\Python310\\lib\\traceback.py\", line 121, in print_exception\n    print(line, file=file, end=\"\")\nOSError: [Errno 22] Invalid argument"}
{"timestamp": "2026-01-02T14:24:03.265060Z", "level": "ERROR", "logger": "app.bandix_api", "message": "Exception on /api/config/collector [GET]", "module": "app", "function": "log_exception", "line": 875, "exception": "Traceback (most recent call last):\n  File \"C:\\Users\\lenovo\\PycharmProjects\\PythonProject_openwrt_main\\app\\api\\config_api.py\", line 629, in get_collector_config\n    _, _, collector_config, _, _, _, _ = load_config_file(config_file)\nValueError: too many values to unpack (expected 6)\n\nDuring handling of the above exception, another exception occurred:\n\nTraceback (most recent call last):\n  File \"D:\\Python\\Python310\\lib\\site-packages\\flask\\app.py\", line 1511, in wsgi_app\n    response = self.full_dispatch_request()\n  File \"D:\\Python\\Python310\\lib\\site-packages\\flask\\app.py\", line 919, in full_dispatch_request\n    rv = self.handle_user_exception(e)\n  File \"D:\\Python\\Python310\\lib\\site-packages\\flask\\app.py\", line 917, in full_dispatch_request\n    rv = self.dispatch_request()\n  File \"D:\\Python\\Python310\\lib\\site-packages\\flask\\app.py\", line 902, in dispatch_request\n    return self.ensure_sync(self.view_functions[rule.endpoint])(**view_args)  # type: ignore[no-any-return]\n  File \"C:\\Users\\lenovo\\PycharmProjects\\PythonProject_openwrt_main\\app\\api\\user_api.py\", line 32, in decorated_function\n    return f(*args, **kwargs)\n  File \"C:\\Users\\lenovo\\PycharmProjects\\PythonProject_openwrt_main\\app\\api\\config_api.py\", line 649, in get_collector_config\n    traceback.print_exc()\n  File \"D:\\Python\\Python310\\lib\\traceback.py\", line 179, in print_exc\n    print_exception(*sys.exc_info(), limit=limit, file=file, chain=chain)\n  File \"D:\\Python\\Python310\\lib\\traceback.py\", line 121, in print_exception\n    print(line, file=file, end=\"\")\nOSError: [Errno 22] Invalid argument"}
